{"/Users/mylesshin/Documents/vandymarketplace/babel.config.js": {"path":"/Users/mylesshin/Documents/vandymarketplace/babel.config.js","statementMap":{"0":{"start":{"line":1,"column":0},"end":{"line":11,"column":3}}},"fnMap":{},"branchMap":{},"s":{"0":0},"f":{},"b":{}}
,"/Users/mylesshin/Documents/vandymarketplace/src/App.js": {"path":"/Users/mylesshin/Documents/vandymarketplace/src/App.js","statementMap":{"0":{"start":{"line":8,"column":15},"end":{"line":16,"column":1}},"1":{"start":{"line":18,"column":14},"end":{"line":20,"column":2}},"2":{"start":{"line":23,"column":2},"end":{"line":58,"column":4}}},"fnMap":{"0":{"name":"App","decl":{"start":{"line":22,"column":9},"end":{"line":22,"column":12}},"loc":{"start":{"line":22,"column":15},"end":{"line":59,"column":1}},"line":22}},"branchMap":{},"s":{"0":0,"1":0,"2":0},"f":{"0":0},"b":{}}
,"/Users/mylesshin/Documents/vandymarketplace/src/firebaseConfig.js": {"path":"/Users/mylesshin/Documents/vandymarketplace/src/firebaseConfig.js","statementMap":{"0":{"start":{"line":11,"column":23},"end":{"line":19,"column":1}},"1":{"start":{"line":22,"column":12},"end":{"line":22,"column":41}},"2":{"start":{"line":23,"column":11},"end":{"line":23,"column":28}},"3":{"start":{"line":24,"column":16},"end":{"line":24,"column":31}},"4":{"start":{"line":25,"column":13},"end":{"line":25,"column":22}}},"fnMap":{},"branchMap":{},"s":{"0":1,"1":1,"2":1,"3":1,"4":1},"f":{},"b":{},"_coverageSchema":"1a1c01bbd47fc00a2c39e90264f33305004495a9","hash":"3be9caba95c14f0f20fd74c5837d3bf84c9709f0"}
,"/Users/mylesshin/Documents/vandymarketplace/src/index.js": {"path":"/Users/mylesshin/Documents/vandymarketplace/src/index.js","statementMap":{"0":{"start":{"line":7,"column":13},"end":{"line":7,"column":65}},"1":{"start":{"line":8,"column":0},"end":{"line":12,"column":2}},"2":{"start":{"line":17,"column":0},"end":{"line":17,"column":18}}},"fnMap":{},"branchMap":{},"s":{"0":0,"1":0,"2":0},"f":{},"b":{}}
,"/Users/mylesshin/Documents/vandymarketplace/src/reportWebVitals.js": {"path":"/Users/mylesshin/Documents/vandymarketplace/src/reportWebVitals.js","statementMap":{"0":{"start":{"line":1,"column":24},"end":{"line":11,"column":1}},"1":{"start":{"line":2,"column":2},"end":{"line":10,"column":3}},"2":{"start":{"line":3,"column":4},"end":{"line":9,"column":7}},"3":{"start":{"line":4,"column":6},"end":{"line":4,"column":26}},"4":{"start":{"line":5,"column":6},"end":{"line":5,"column":26}},"5":{"start":{"line":6,"column":6},"end":{"line":6,"column":26}},"6":{"start":{"line":7,"column":6},"end":{"line":7,"column":26}},"7":{"start":{"line":8,"column":6},"end":{"line":8,"column":27}}},"fnMap":{"0":{"name":"(anonymous_0)","decl":{"start":{"line":1,"column":24},"end":{"line":1,"column":25}},"loc":{"start":{"line":1,"column":39},"end":{"line":11,"column":1}},"line":1},"1":{"name":"(anonymous_1)","decl":{"start":{"line":3,"column":30},"end":{"line":3,"column":31}},"loc":{"start":{"line":3,"column":79},"end":{"line":9,"column":5}},"line":3}},"branchMap":{"0":{"loc":{"start":{"line":2,"column":2},"end":{"line":10,"column":3}},"type":"if","locations":[{"start":{"line":2,"column":2},"end":{"line":10,"column":3}},{"start":{},"end":{}}],"line":2},"1":{"loc":{"start":{"line":2,"column":6},"end":{"line":2,"column":52}},"type":"binary-expr","locations":[{"start":{"line":2,"column":6},"end":{"line":2,"column":17}},{"start":{"line":2,"column":21},"end":{"line":2,"column":52}}],"line":2}},"s":{"0":0,"1":0,"2":0,"3":0,"4":0,"5":0,"6":0,"7":0},"f":{"0":0,"1":0},"b":{"0":[0,0],"1":[0,0]}}
,"/Users/mylesshin/Documents/vandymarketplace/src/setupTests.js": {"path":"/Users/mylesshin/Documents/vandymarketplace/src/setupTests.js","statementMap":{},"fnMap":{},"branchMap":{},"s":{},"f":{},"b":{}}
,"/Users/mylesshin/Documents/vandymarketplace/src/authentication/logout.js": {"path":"/Users/mylesshin/Documents/vandymarketplace/src/authentication/logout.js","statementMap":{"0":{"start":{"line":5,"column":22},"end":{"line":13,"column":3}},"1":{"start":{"line":6,"column":4},"end":{"line":12,"column":9}},"2":{"start":{"line":8,"column":8},"end":{"line":8,"column":48}},"3":{"start":{"line":11,"column":8},"end":{"line":11,"column":34}}},"fnMap":{"0":{"name":"(anonymous_0)","decl":{"start":{"line":5,"column":22},"end":{"line":5,"column":23}},"loc":{"start":{"line":5,"column":28},"end":{"line":13,"column":3}},"line":5},"1":{"name":"(anonymous_1)","decl":{"start":{"line":7,"column":12},"end":{"line":7,"column":13}},"loc":{"start":{"line":7,"column":18},"end":{"line":9,"column":7}},"line":7},"2":{"name":"(anonymous_2)","decl":{"start":{"line":10,"column":13},"end":{"line":10,"column":14}},"loc":{"start":{"line":10,"column":24},"end":{"line":12,"column":7}},"line":10}},"branchMap":{},"s":{"0":1,"1":0,"2":0,"3":0},"f":{"0":0,"1":0,"2":0},"b":{},"_coverageSchema":"1a1c01bbd47fc00a2c39e90264f33305004495a9","hash":"9edf5282fb900b806349d935b04849b5a5f710d7"}
,"/Users/mylesshin/Documents/vandymarketplace/src/backend/server.js": {"path":"/Users/mylesshin/Documents/vandymarketplace/src/backend/server.js","statementMap":{"0":{"start":{"line":1,"column":16},"end":{"line":1,"column":34}},"1":{"start":{"line":2,"column":19},"end":{"line":2,"column":41}},"2":{"start":{"line":3,"column":19},"end":{"line":3,"column":40}},"3":{"start":{"line":4,"column":13},"end":{"line":4,"column":28}},"4":{"start":{"line":5,"column":13},"end":{"line":5,"column":28}},"5":{"start":{"line":7,"column":12},"end":{"line":7,"column":21}},"6":{"start":{"line":8,"column":13},"end":{"line":8,"column":17}},"7":{"start":{"line":11,"column":0},"end":{"line":11,"column":16}},"8":{"start":{"line":13,"column":0},"end":{"line":13,"column":27}},"9":{"start":{"line":16,"column":20},"end":{"line":22,"column":2}},"10":{"start":{"line":24,"column":15},"end":{"line":24,"column":37}},"11":{"start":{"line":27,"column":0},"end":{"line":66,"column":3}},"12":{"start":{"line":29,"column":2},"end":{"line":65,"column":3}},"13":{"start":{"line":37,"column":8},"end":{"line":37,"column":16}},"14":{"start":{"line":40,"column":24},"end":{"line":56,"column":5}},"15":{"start":{"line":58,"column":4},"end":{"line":58,"column":44}},"16":{"start":{"line":59,"column":4},"end":{"line":59,"column":46}},"17":{"start":{"line":61,"column":4},"end":{"line":61,"column":53}},"18":{"start":{"line":63,"column":4},"end":{"line":63,"column":49}},"19":{"start":{"line":64,"column":4},"end":{"line":64,"column":61}},"20":{"start":{"line":68,"column":0},"end":{"line":70,"column":3}},"21":{"start":{"line":69,"column":2},"end":{"line":69,"column":51}},"22":{"start":{"line":75,"column":2},"end":{"line":80,"column":3}},"23":{"start":{"line":76,"column":4},"end":{"line":76,"column":44}},"24":{"start":{"line":78,"column":4},"end":{"line":78,"column":49}},"25":{"start":{"line":79,"column":4},"end":{"line":79,"column":45}},"26":{"start":{"line":83,"column":0},"end":{"line":83,"column":32}}},"fnMap":{"0":{"name":"(anonymous_0)","decl":{"start":{"line":27,"column":24},"end":{"line":27,"column":25}},"loc":{"start":{"line":27,"column":44},"end":{"line":66,"column":1}},"line":27},"1":{"name":"(anonymous_1)","decl":{"start":{"line":68,"column":20},"end":{"line":68,"column":21}},"loc":{"start":{"line":68,"column":26},"end":{"line":70,"column":1}},"line":68},"2":{"name":"sendEmail","decl":{"start":{"line":74,"column":15},"end":{"line":74,"column":24}},"loc":{"start":{"line":74,"column":51},"end":{"line":81,"column":1}},"line":74}},"branchMap":{},"s":{"0":0,"1":0,"2":0,"3":0,"4":0,"5":0,"6":0,"7":0,"8":0,"9":0,"10":0,"11":0,"12":0,"13":0,"14":0,"15":0,"16":0,"17":0,"18":0,"19":0,"20":0,"21":0,"22":0,"23":0,"24":0,"25":0,"26":0},"f":{"0":0,"1":0,"2":0},"b":{}}
,"/Users/mylesshin/Documents/vandymarketplace/src/components/ContactForm.js": {"path":"/Users/mylesshin/Documents/vandymarketplace/src/components/ContactForm.js","statementMap":{"0":{"start":{"line":5,"column":20},"end":{"line":91,"column":1}},"1":{"start":{"line":6,"column":38},"end":{"line":6,"column":50}},"2":{"start":{"line":7,"column":32},"end":{"line":7,"column":44}},"3":{"start":{"line":9,"column":33},"end":{"line":11,"column":3}},"4":{"start":{"line":10,"column":4},"end":{"line":10,"column":38}},"5":{"start":{"line":13,"column":30},"end":{"line":15,"column":3}},"6":{"start":{"line":14,"column":4},"end":{"line":14,"column":35}},"7":{"start":{"line":16,"column":23},"end":{"line":43,"column":3}},"8":{"start":{"line":17,"column":4},"end":{"line":42,"column":5}},"9":{"start":{"line":18,"column":23},"end":{"line":31,"column":8}},"10":{"start":{"line":33,"column":6},"end":{"line":39,"column":7}},"11":{"start":{"line":34,"column":21},"end":{"line":34,"column":42}},"12":{"start":{"line":35,"column":8},"end":{"line":35,"column":34}},"13":{"start":{"line":36,"column":8},"end":{"line":36,"column":18}},"14":{"start":{"line":38,"column":8},"end":{"line":38,"column":69}},"15":{"start":{"line":41,"column":6},"end":{"line":41,"column":53}},"16":{"start":{"line":45,"column":2},"end":{"line":90,"column":4}}},"fnMap":{"0":{"name":"(anonymous_0)","decl":{"start":{"line":5,"column":20},"end":{"line":5,"column":21}},"loc":{"start":{"line":5,"column":96},"end":{"line":91,"column":1}},"line":5},"1":{"name":"(anonymous_1)","decl":{"start":{"line":9,"column":33},"end":{"line":9,"column":34}},"loc":{"start":{"line":9,"column":44},"end":{"line":11,"column":3}},"line":9},"2":{"name":"(anonymous_2)","decl":{"start":{"line":13,"column":30},"end":{"line":13,"column":31}},"loc":{"start":{"line":13,"column":41},"end":{"line":15,"column":3}},"line":13},"3":{"name":"(anonymous_3)","decl":{"start":{"line":16,"column":23},"end":{"line":16,"column":24}},"loc":{"start":{"line":16,"column":35},"end":{"line":43,"column":3}},"line":16}},"branchMap":{"0":{"loc":{"start":{"line":33,"column":6},"end":{"line":39,"column":7}},"type":"if","locations":[{"start":{"line":33,"column":6},"end":{"line":39,"column":7}},{"start":{"line":37,"column":13},"end":{"line":39,"column":7}}],"line":33}},"s":{"0":1,"1":0,"2":0,"3":0,"4":0,"5":0,"6":0,"7":0,"8":0,"9":0,"10":0,"11":0,"12":0,"13":0,"14":0,"15":0,"16":0},"f":{"0":0,"1":0,"2":0,"3":0},"b":{"0":[0,0]},"_coverageSchema":"1a1c01bbd47fc00a2c39e90264f33305004495a9","hash":"a031c32d90b7c29ff729eccff325db7c363a283e"}
,"/Users/mylesshin/Documents/vandymarketplace/src/components/Favorites.js": {"path":"/Users/mylesshin/Documents/vandymarketplace/src/components/Favorites.js","statementMap":{"0":{"start":{"line":4,"column":4},"end":{"line":9,"column":6}}},"fnMap":{"0":{"name":"Favorites","decl":{"start":{"line":3,"column":24},"end":{"line":3,"column":33}},"loc":{"start":{"line":3,"column":36},"end":{"line":10,"column":3}},"line":3}},"branchMap":{},"s":{"0":0},"f":{"0":0},"b":{}}
,"/Users/mylesshin/Documents/vandymarketplace/src/components/Header.js": {"path":"/Users/mylesshin/Documents/vandymarketplace/src/components/Header.js","statementMap":{"0":{"start":{"line":21,"column":15},"end":{"line":119,"column":1}},"1":{"start":{"line":23,"column":19},"end":{"line":23,"column":32}},"2":{"start":{"line":24,"column":36},"end":{"line":24,"column":97}},"3":{"start":{"line":27,"column":2},"end":{"line":42,"column":13}},"4":{"start":{"line":31,"column":21},"end":{"line":31,"column":66}},"5":{"start":{"line":31,"column":27},"end":{"line":31,"column":66}},"6":{"start":{"line":31,"column":46},"end":{"line":31,"column":65}},"7":{"start":{"line":32,"column":6},"end":{"line":32,"column":26}},"8":{"start":{"line":33,"column":6},"end":{"line":35,"column":7}},"9":{"start":{"line":34,"column":8},"end":{"line":34,"column":41}},"10":{"start":{"line":36,"column":6},"end":{"line":36,"column":46}},"11":{"start":{"line":38,"column":4},"end":{"line":38,"column":11}},"12":{"start":{"line":39,"column":4},"end":{"line":39,"column":27}},"13":{"start":{"line":45,"column":23},"end":{"line":51,"column":3}},"14":{"start":{"line":46,"column":4},"end":{"line":50,"column":5}},"15":{"start":{"line":47,"column":6},"end":{"line":47,"column":15}},"16":{"start":{"line":49,"column":6},"end":{"line":49,"column":49}},"17":{"start":{"line":53,"column":2},"end":{"line":118,"column":4}},"18":{"start":{"line":99,"column":41},"end":{"line":99,"column":54}},"19":{"start":{"line":102,"column":39},"end":{"line":102,"column":61}},"20":{"start":{"line":105,"column":39},"end":{"line":105,"column":60}}},"fnMap":{"0":{"name":"(anonymous_0)","decl":{"start":{"line":21,"column":15},"end":{"line":21,"column":16}},"loc":{"start":{"line":21,"column":21},"end":{"line":119,"column":1}},"line":21},"1":{"name":"(anonymous_1)","decl":{"start":{"line":27,"column":12},"end":{"line":27,"column":13}},"loc":{"start":{"line":27,"column":18},"end":{"line":42,"column":3}},"line":27},"2":{"name":"load","decl":{"start":{"line":30,"column":19},"end":{"line":30,"column":23}},"loc":{"start":{"line":30,"column":25},"end":{"line":37,"column":5}},"line":30},"3":{"name":"(anonymous_3)","decl":{"start":{"line":31,"column":21},"end":{"line":31,"column":22}},"loc":{"start":{"line":31,"column":27},"end":{"line":31,"column":66}},"line":31},"4":{"name":"(anonymous_4)","decl":{"start":{"line":31,"column":39},"end":{"line":31,"column":40}},"loc":{"start":{"line":31,"column":46},"end":{"line":31,"column":65}},"line":31},"5":{"name":"(anonymous_5)","decl":{"start":{"line":45,"column":23},"end":{"line":45,"column":24}},"loc":{"start":{"line":45,"column":35},"end":{"line":51,"column":3}},"line":45},"6":{"name":"(anonymous_6)","decl":{"start":{"line":99,"column":35},"end":{"line":99,"column":36}},"loc":{"start":{"line":99,"column":41},"end":{"line":99,"column":54}},"line":99},"7":{"name":"(anonymous_7)","decl":{"start":{"line":102,"column":33},"end":{"line":102,"column":34}},"loc":{"start":{"line":102,"column":39},"end":{"line":102,"column":61}},"line":102},"8":{"name":"(anonymous_8)","decl":{"start":{"line":105,"column":33},"end":{"line":105,"column":34}},"loc":{"start":{"line":105,"column":39},"end":{"line":105,"column":60}},"line":105}},"branchMap":{"0":{"loc":{"start":{"line":24,"column":45},"end":{"line":24,"column":96}},"type":"cond-expr","locations":[{"start":{"line":24,"column":64},"end":{"line":24,"column":89}},{"start":{"line":24,"column":92},"end":{"line":24,"column":96}}],"line":24},"1":{"loc":{"start":{"line":33,"column":6},"end":{"line":35,"column":7}},"type":"if","locations":[{"start":{"line":33,"column":6},"end":{"line":35,"column":7}},{"start":{},"end":{}}],"line":33}},"s":{"0":1,"1":0,"2":0,"3":0,"4":0,"5":0,"6":0,"7":0,"8":0,"9":0,"10":0,"11":0,"12":0,"13":0,"14":0,"15":0,"16":0,"17":0,"18":0,"19":0,"20":0},"f":{"0":0,"1":0,"2":0,"3":0,"4":0,"5":0,"6":0,"7":0,"8":0},"b":{"0":[0,0],"1":[0,0]},"_coverageSchema":"1a1c01bbd47fc00a2c39e90264f33305004495a9","hash":"5d0fbaa0d7e01622d14c07ff90035242bf87311e"}
,"/Users/mylesshin/Documents/vandymarketplace/src/components/HomePage.js": {"path":"/Users/mylesshin/Documents/vandymarketplace/src/components/HomePage.js","statementMap":{"0":{"start":{"line":12,"column":19},"end":{"line":12,"column":32}},"1":{"start":{"line":14,"column":40},"end":{"line":14,"column":52}},"2":{"start":{"line":16,"column":23},"end":{"line":18,"column":3}},"3":{"start":{"line":17,"column":4},"end":{"line":17,"column":26}},"4":{"start":{"line":22,"column":2},"end":{"line":41,"column":23}},"5":{"start":{"line":24,"column":4},"end":{"line":38,"column":7}},"6":{"start":{"line":25,"column":6},"end":{"line":37,"column":7}},"7":{"start":{"line":26,"column":26},"end":{"line":26,"column":36}},"8":{"start":{"line":27,"column":26},"end":{"line":27,"column":57}},"9":{"start":{"line":28,"column":24},"end":{"line":28,"column":47}},"10":{"start":{"line":30,"column":8},"end":{"line":33,"column":9}},"11":{"start":{"line":32,"column":10},"end":{"line":32,"column":52}},"12":{"start":{"line":35,"column":8},"end":{"line":35,"column":32}},"13":{"start":{"line":36,"column":8},"end":{"line":36,"column":28}},"14":{"start":{"line":45,"column":2},"end":{"line":52,"column":4}}},"fnMap":{"0":{"name":"HomePage","decl":{"start":{"line":10,"column":24},"end":{"line":10,"column":32}},"loc":{"start":{"line":10,"column":35},"end":{"line":53,"column":1}},"line":10},"1":{"name":"(anonymous_1)","decl":{"start":{"line":16,"column":23},"end":{"line":16,"column":24}},"loc":{"start":{"line":16,"column":34},"end":{"line":18,"column":3}},"line":16},"2":{"name":"(anonymous_2)","decl":{"start":{"line":22,"column":12},"end":{"line":22,"column":13}},"loc":{"start":{"line":22,"column":18},"end":{"line":41,"column":3}},"line":22},"3":{"name":"(anonymous_3)","decl":{"start":{"line":24,"column":29},"end":{"line":24,"column":30}},"loc":{"start":{"line":24,"column":45},"end":{"line":38,"column":5}},"line":24}},"branchMap":{"0":{"loc":{"start":{"line":25,"column":6},"end":{"line":37,"column":7}},"type":"if","locations":[{"start":{"line":25,"column":6},"end":{"line":37,"column":7}},{"start":{"line":34,"column":13},"end":{"line":37,"column":7}}],"line":25},"1":{"loc":{"start":{"line":30,"column":8},"end":{"line":33,"column":9}},"type":"if","locations":[{"start":{"line":30,"column":8},"end":{"line":33,"column":9}},{"start":{"line":31,"column":15},"end":{"line":33,"column":9}}],"line":30}},"s":{"0":0,"1":0,"2":0,"3":0,"4":0,"5":0,"6":0,"7":0,"8":0,"9":0,"10":0,"11":0,"12":0,"13":0,"14":0},"f":{"0":0,"1":0,"2":0,"3":0},"b":{"0":[0,0],"1":[0,0]}}
,"/Users/mylesshin/Documents/vandymarketplace/src/components/ImageGallery.js": {"path":"/Users/mylesshin/Documents/vandymarketplace/src/components/ImageGallery.js","statementMap":{"0":{"start":{"line":11,"column":21},"end":{"line":135,"column":1}},"1":{"start":{"line":12,"column":36},"end":{"line":12,"column":48}},"2":{"start":{"line":13,"column":32},"end":{"line":13,"column":47}},"3":{"start":{"line":14,"column":40},"end":{"line":14,"column":55}},"4":{"start":{"line":15,"column":42},"end":{"line":15,"column":56}},"5":{"start":{"line":16,"column":36},"end":{"line":16,"column":48}},"6":{"start":{"line":18,"column":2},"end":{"line":76,"column":29}},"7":{"start":{"line":20,"column":6},"end":{"line":20,"column":23}},"8":{"start":{"line":21,"column":6},"end":{"line":71,"column":7}},"9":{"start":{"line":22,"column":8},"end":{"line":43,"column":9}},"10":{"start":{"line":24,"column":10},"end":{"line":33,"column":11}},"11":{"start":{"line":25,"column":25},"end":{"line":28,"column":13}},"12":{"start":{"line":29,"column":12},"end":{"line":29,"column":57}},"13":{"start":{"line":30,"column":12},"end":{"line":30,"column":54}},"14":{"start":{"line":32,"column":12},"end":{"line":32,"column":48}},"15":{"start":{"line":34,"column":10},"end":{"line":34,"column":31}},"16":{"start":{"line":35,"column":23},"end":{"line":35,"column":39}},"17":{"start":{"line":36,"column":10},"end":{"line":38,"column":11}},"18":{"start":{"line":37,"column":12},"end":{"line":37,"column":37}},"19":{"start":{"line":39,"column":24},"end":{"line":39,"column":73}},"20":{"start":{"line":39,"column":32},"end":{"line":39,"column":73}},"21":{"start":{"line":39,"column":53},"end":{"line":39,"column":72}},"22":{"start":{"line":40,"column":10},"end":{"line":40,"column":28}},"23":{"start":{"line":42,"column":10},"end":{"line":42,"column":55}},"24":{"start":{"line":45,"column":8},"end":{"line":70,"column":9}},"25":{"start":{"line":47,"column":10},"end":{"line":60,"column":11}},"26":{"start":{"line":48,"column":12},"end":{"line":52,"column":14}},"27":{"start":{"line":53,"column":12},"end":{"line":53,"column":54}},"28":{"start":{"line":55,"column":12},"end":{"line":59,"column":14}},"29":{"start":{"line":61,"column":10},"end":{"line":61,"column":31}},"30":{"start":{"line":62,"column":23},"end":{"line":62,"column":39}},"31":{"start":{"line":63,"column":10},"end":{"line":65,"column":11}},"32":{"start":{"line":64,"column":12},"end":{"line":64,"column":37}},"33":{"start":{"line":66,"column":24},"end":{"line":66,"column":73}},"34":{"start":{"line":66,"column":32},"end":{"line":66,"column":73}},"35":{"start":{"line":66,"column":53},"end":{"line":66,"column":72}},"36":{"start":{"line":67,"column":10},"end":{"line":67,"column":28}},"37":{"start":{"line":69,"column":10},"end":{"line":69,"column":55}},"38":{"start":{"line":73,"column":6},"end":{"line":73,"column":24}},"39":{"start":{"line":75,"column":4},"end":{"line":75,"column":11}},"40":{"start":{"line":79,"column":20},"end":{"line":82,"column":3}},"41":{"start":{"line":80,"column":4},"end":{"line":80,"column":25}},"42":{"start":{"line":81,"column":4},"end":{"line":81,"column":26}},"43":{"start":{"line":85,"column":21},"end":{"line":88,"column":3}},"44":{"start":{"line":86,"column":4},"end":{"line":86,"column":26}},"45":{"start":{"line":87,"column":4},"end":{"line":87,"column":26}},"46":{"start":{"line":90,"column":2},"end":{"line":134,"column":4}},"47":{"start":{"line":111,"column":14},"end":{"line":116,"column":16}}},"fnMap":{"0":{"name":"(anonymous_0)","decl":{"start":{"line":11,"column":21},"end":{"line":11,"column":22}},"loc":{"start":{"line":11,"column":51},"end":{"line":135,"column":1}},"line":11},"1":{"name":"(anonymous_1)","decl":{"start":{"line":18,"column":12},"end":{"line":18,"column":13}},"loc":{"start":{"line":18,"column":18},"end":{"line":76,"column":3}},"line":18},"2":{"name":"load","decl":{"start":{"line":19,"column":19},"end":{"line":19,"column":23}},"loc":{"start":{"line":19,"column":26},"end":{"line":74,"column":5}},"line":19},"3":{"name":"(anonymous_3)","decl":{"start":{"line":39,"column":24},"end":{"line":39,"column":25}},"loc":{"start":{"line":39,"column":32},"end":{"line":39,"column":73}},"line":39},"4":{"name":"(anonymous_4)","decl":{"start":{"line":39,"column":44},"end":{"line":39,"column":45}},"loc":{"start":{"line":39,"column":53},"end":{"line":39,"column":72}},"line":39},"5":{"name":"(anonymous_5)","decl":{"start":{"line":66,"column":24},"end":{"line":66,"column":25}},"loc":{"start":{"line":66,"column":32},"end":{"line":66,"column":73}},"line":66},"6":{"name":"(anonymous_6)","decl":{"start":{"line":66,"column":44},"end":{"line":66,"column":45}},"loc":{"start":{"line":66,"column":53},"end":{"line":66,"column":72}},"line":66},"7":{"name":"(anonymous_7)","decl":{"start":{"line":79,"column":20},"end":{"line":79,"column":21}},"loc":{"start":{"line":79,"column":30},"end":{"line":82,"column":3}},"line":79},"8":{"name":"(anonymous_8)","decl":{"start":{"line":85,"column":21},"end":{"line":85,"column":22}},"loc":{"start":{"line":85,"column":27},"end":{"line":88,"column":3}},"line":85},"9":{"name":"(anonymous_9)","decl":{"start":{"line":110,"column":27},"end":{"line":110,"column":28}},"loc":{"start":{"line":111,"column":14},"end":{"line":116,"column":16}},"line":111}},"branchMap":{"0":{"loc":{"start":{"line":21,"column":6},"end":{"line":71,"column":7}},"type":"if","locations":[{"start":{"line":21,"column":6},"end":{"line":71,"column":7}},{"start":{"line":44,"column":13},"end":{"line":71,"column":7}}],"line":21},"1":{"loc":{"start":{"line":24,"column":10},"end":{"line":33,"column":11}},"type":"if","locations":[{"start":{"line":24,"column":10},"end":{"line":33,"column":11}},{"start":{"line":31,"column":17},"end":{"line":33,"column":11}}],"line":24},"2":{"loc":{"start":{"line":36,"column":10},"end":{"line":38,"column":11}},"type":"if","locations":[{"start":{"line":36,"column":10},"end":{"line":38,"column":11}},{"start":{},"end":{}}],"line":36},"3":{"loc":{"start":{"line":36,"column":14},"end":{"line":36,"column":32}},"type":"binary-expr","locations":[{"start":{"line":36,"column":14},"end":{"line":36,"column":18}},{"start":{"line":36,"column":22},"end":{"line":36,"column":32}}],"line":36},"4":{"loc":{"start":{"line":47,"column":10},"end":{"line":60,"column":11}},"type":"if","locations":[{"start":{"line":47,"column":10},"end":{"line":60,"column":11}},{"start":{"line":54,"column":17},"end":{"line":60,"column":11}}],"line":47},"5":{"loc":{"start":{"line":63,"column":10},"end":{"line":65,"column":11}},"type":"if","locations":[{"start":{"line":63,"column":10},"end":{"line":65,"column":11}},{"start":{},"end":{}}],"line":63},"6":{"loc":{"start":{"line":63,"column":14},"end":{"line":63,"column":32}},"type":"binary-expr","locations":[{"start":{"line":63,"column":14},"end":{"line":63,"column":18}},{"start":{"line":63,"column":22},"end":{"line":63,"column":32}}],"line":63},"7":{"loc":{"start":{"line":92,"column":7},"end":{"line":122,"column":7}},"type":"cond-expr","locations":[{"start":{"line":93,"column":8},"end":{"line":93,"column":32}},{"start":{"line":94,"column":10},"end":{"line":122,"column":7}}],"line":92},"8":{"loc":{"start":{"line":94,"column":10},"end":{"line":122,"column":7}},"type":"cond-expr","locations":[{"start":{"line":95,"column":8},"end":{"line":119,"column":11}},{"start":{"line":121,"column":8},"end":{"line":121,"column":35}}],"line":94},"9":{"loc":{"start":{"line":97,"column":13},"end":{"line":97,"column":61}},"type":"cond-expr","locations":[{"start":{"line":97,"column":23},"end":{"line":97,"column":42}},{"start":{"line":97,"column":45},"end":{"line":97,"column":61}}],"line":97},"10":{"loc":{"start":{"line":123,"column":7},"end":{"line":132,"column":7}},"type":"binary-expr","locations":[{"start":{"line":123,"column":7},"end":{"line":123,"column":19}},{"start":{"line":124,"column":8},"end":{"line":131,"column":10}}],"line":123}},"s":{"0":1,"1":0,"2":0,"3":0,"4":0,"5":0,"6":0,"7":0,"8":0,"9":0,"10":0,"11":0,"12":0,"13":0,"14":0,"15":0,"16":0,"17":0,"18":0,"19":0,"20":0,"21":0,"22":0,"23":0,"24":0,"25":0,"26":0,"27":0,"28":0,"29":0,"30":0,"31":0,"32":0,"33":0,"34":0,"35":0,"36":0,"37":0,"38":0,"39":0,"40":0,"41":0,"42":0,"43":0,"44":0,"45":0,"46":0,"47":0},"f":{"0":0,"1":0,"2":0,"3":0,"4":0,"5":0,"6":0,"7":0,"8":0,"9":0},"b":{"0":[0,0],"1":[0,0],"2":[0,0],"3":[0,0],"4":[0,0],"5":[0,0],"6":[0,0],"7":[0,0],"8":[0,0],"9":[0,0],"10":[0,0]},"_coverageSchema":"1a1c01bbd47fc00a2c39e90264f33305004495a9","hash":"5a4b9da11ab3158374b630fe6f5e2382b1a099a5"}
,"/Users/mylesshin/Documents/vandymarketplace/src/components/ItemCard.js": {"path":"/Users/mylesshin/Documents/vandymarketplace/src/components/ItemCard.js","statementMap":{"0":{"start":{"line":18,"column":17},"end":{"line":129,"column":1}},"1":{"start":{"line":19,"column":28},"end":{"line":19,"column":43}},"2":{"start":{"line":20,"column":38},"end":{"line":20,"column":68}},"3":{"start":{"line":22,"column":2},"end":{"line":34,"column":16}},"4":{"start":{"line":23,"column":29},"end":{"line":31,"column":5}},"5":{"start":{"line":24,"column":21},"end":{"line":24,"column":38}},"6":{"start":{"line":25,"column":22},"end":{"line":25,"column":46}},"7":{"start":{"line":26,"column":23},"end":{"line":26,"column":44}},"8":{"start":{"line":27,"column":6},"end":{"line":30,"column":7}},"9":{"start":{"line":28,"column":31},"end":{"line":28,"column":63}},"10":{"start":{"line":29,"column":8},"end":{"line":29,"column":51}},"11":{"start":{"line":33,"column":4},"end":{"line":33,"column":23}},"12":{"start":{"line":37,"column":27},"end":{"line":49,"column":3}},"13":{"start":{"line":38,"column":19},"end":{"line":38,"column":36}},"14":{"start":{"line":40,"column":4},"end":{"line":48,"column":5}},"15":{"start":{"line":41,"column":6},"end":{"line":41,"column":55}},"16":{"start":{"line":42,"column":6},"end":{"line":42,"column":22}},"17":{"start":{"line":43,"column":6},"end":{"line":43,"column":50}},"18":{"start":{"line":43,"column":35},"end":{"line":43,"column":48}},"19":{"start":{"line":45,"column":6},"end":{"line":45,"column":53}},"20":{"start":{"line":46,"column":6},"end":{"line":46,"column":21}},"21":{"start":{"line":47,"column":6},"end":{"line":47,"column":50}},"22":{"start":{"line":47,"column":35},"end":{"line":47,"column":48}},"23":{"start":{"line":51,"column":2},"end":{"line":128,"column":4}},"24":{"start":{"line":120,"column":33},"end":{"line":120,"column":48}}},"fnMap":{"0":{"name":"(anonymous_0)","decl":{"start":{"line":18,"column":17},"end":{"line":18,"column":18}},"loc":{"start":{"line":18,"column":51},"end":{"line":129,"column":1}},"line":18},"1":{"name":"(anonymous_1)","decl":{"start":{"line":22,"column":12},"end":{"line":22,"column":13}},"loc":{"start":{"line":22,"column":18},"end":{"line":34,"column":3}},"line":22},"2":{"name":"(anonymous_2)","decl":{"start":{"line":23,"column":29},"end":{"line":23,"column":30}},"loc":{"start":{"line":23,"column":41},"end":{"line":31,"column":5}},"line":23},"3":{"name":"(anonymous_3)","decl":{"start":{"line":37,"column":27},"end":{"line":37,"column":28}},"loc":{"start":{"line":37,"column":39},"end":{"line":49,"column":3}},"line":37},"4":{"name":"(anonymous_4)","decl":{"start":{"line":43,"column":20},"end":{"line":43,"column":21}},"loc":{"start":{"line":43,"column":35},"end":{"line":43,"column":48}},"line":43},"5":{"name":"(anonymous_5)","decl":{"start":{"line":47,"column":20},"end":{"line":47,"column":21}},"loc":{"start":{"line":47,"column":35},"end":{"line":47,"column":48}},"line":47},"6":{"name":"(anonymous_6)","decl":{"start":{"line":120,"column":27},"end":{"line":120,"column":28}},"loc":{"start":{"line":120,"column":33},"end":{"line":120,"column":48}},"line":120}},"branchMap":{"0":{"loc":{"start":{"line":20,"column":47},"end":{"line":20,"column":67}},"type":"binary-expr","locations":[{"start":{"line":20,"column":47},"end":{"line":20,"column":62}},{"start":{"line":20,"column":66},"end":{"line":20,"column":67}}],"line":20},"1":{"loc":{"start":{"line":27,"column":6},"end":{"line":30,"column":7}},"type":"if","locations":[{"start":{"line":27,"column":6},"end":{"line":30,"column":7}},{"start":{},"end":{}}],"line":27},"2":{"loc":{"start":{"line":28,"column":31},"end":{"line":28,"column":63}},"type":"binary-expr","locations":[{"start":{"line":28,"column":31},"end":{"line":28,"column":57}},{"start":{"line":28,"column":61},"end":{"line":28,"column":63}}],"line":28},"3":{"loc":{"start":{"line":40,"column":4},"end":{"line":48,"column":5}},"type":"if","locations":[{"start":{"line":40,"column":4},"end":{"line":48,"column":5}},{"start":{"line":44,"column":11},"end":{"line":48,"column":5}}],"line":40},"4":{"loc":{"start":{"line":77,"column":11},"end":{"line":97,"column":11}},"type":"binary-expr","locations":[{"start":{"line":77,"column":11},"end":{"line":77,"column":19}},{"start":{"line":78,"column":12},"end":{"line":96,"column":22}}],"line":77},"5":{"loc":{"start":{"line":79,"column":21},"end":{"line":79,"column":73}},"type":"cond-expr","locations":[{"start":{"line":79,"column":29},"end":{"line":79,"column":52}},{"start":{"line":79,"column":55},"end":{"line":79,"column":73}}],"line":79},"6":{"loc":{"start":{"line":86,"column":22},"end":{"line":86,"column":58}},"type":"cond-expr","locations":[{"start":{"line":86,"column":30},"end":{"line":86,"column":41}},{"start":{"line":86,"column":44},"end":{"line":86,"column":58}}],"line":86},"7":{"loc":{"start":{"line":90,"column":25},"end":{"line":90,"column":39}},"type":"binary-expr","locations":[{"start":{"line":90,"column":25},"end":{"line":90,"column":30}},{"start":{"line":90,"column":34},"end":{"line":90,"column":39}}],"line":90},"8":{"loc":{"start":{"line":107,"column":11},"end":{"line":124,"column":11}},"type":"binary-expr","locations":[{"start":{"line":107,"column":11},"end":{"line":107,"column":19}},{"start":{"line":108,"column":12},"end":{"line":123,"column":22}}],"line":107}},"s":{"0":1,"1":0,"2":0,"3":0,"4":0,"5":0,"6":0,"7":0,"8":0,"9":0,"10":0,"11":0,"12":0,"13":0,"14":0,"15":0,"16":0,"17":0,"18":0,"19":0,"20":0,"21":0,"22":0,"23":0,"24":0},"f":{"0":0,"1":0,"2":0,"3":0,"4":0,"5":0,"6":0},"b":{"0":[0,0],"1":[0,0],"2":[0,0],"3":[0,0],"4":[0,0],"5":[0,0],"6":[0,0],"7":[0,0],"8":[0,0]},"_coverageSchema":"1a1c01bbd47fc00a2c39e90264f33305004495a9","hash":"1016c65be8ce0131541b6ed92fb63c8ecd52d297"}
,"/Users/mylesshin/Documents/vandymarketplace/src/components/LogInPage.js": {"path":"/Users/mylesshin/Documents/vandymarketplace/src/components/LogInPage.js","statementMap":{"0":{"start":{"line":13,"column":19},"end":{"line":13,"column":32}},"1":{"start":{"line":15,"column":17},"end":{"line":23,"column":3}},"2":{"start":{"line":16,"column":4},"end":{"line":22,"column":9}},"3":{"start":{"line":18,"column":8},"end":{"line":18,"column":48}},"4":{"start":{"line":21,"column":8},"end":{"line":21,"column":34}},"5":{"start":{"line":25,"column":22},"end":{"line":73,"column":3}},"6":{"start":{"line":26,"column":21},"end":{"line":26,"column":45}},"7":{"start":{"line":28,"column":4},"end":{"line":43,"column":9}},"8":{"start":{"line":34,"column":21},"end":{"line":34,"column":32}},"9":{"start":{"line":37,"column":8},"end":{"line":39,"column":9}},"10":{"start":{"line":38,"column":10},"end":{"line":38,"column":19}},"11":{"start":{"line":45,"column":4},"end":{"line":72,"column":7}},"12":{"start":{"line":46,"column":6},"end":{"line":70,"column":7}},"13":{"start":{"line":47,"column":8},"end":{"line":47,"column":36}},"14":{"start":{"line":48,"column":26},"end":{"line":48,"column":36}},"15":{"start":{"line":49,"column":26},"end":{"line":49,"column":57}},"16":{"start":{"line":50,"column":22},"end":{"line":50,"column":45}},"17":{"start":{"line":52,"column":8},"end":{"line":60,"column":9}},"18":{"start":{"line":53,"column":22},"end":{"line":53,"column":70}},"19":{"start":{"line":54,"column":10},"end":{"line":54,"column":51}},"20":{"start":{"line":55,"column":10},"end":{"line":57,"column":13}},"21":{"start":{"line":59,"column":10},"end":{"line":59,"column":44}},"22":{"start":{"line":61,"column":17},"end":{"line":61,"column":38}},"23":{"start":{"line":62,"column":28},"end":{"line":62,"column":48}},"24":{"start":{"line":63,"column":29},"end":{"line":63,"column":54}},"25":{"start":{"line":65,"column":8},"end":{"line":69,"column":9}},"26":{"start":{"line":66,"column":10},"end":{"line":68,"column":13}},"27":{"start":{"line":71,"column":6},"end":{"line":71,"column":20}},"28":{"start":{"line":75,"column":2},"end":{"line":124,"column":4}}},"fnMap":{"0":{"name":"LogInPage","decl":{"start":{"line":12,"column":24},"end":{"line":12,"column":33}},"loc":{"start":{"line":12,"column":36},"end":{"line":125,"column":1}},"line":12},"1":{"name":"(anonymous_1)","decl":{"start":{"line":15,"column":17},"end":{"line":15,"column":18}},"loc":{"start":{"line":15,"column":23},"end":{"line":23,"column":3}},"line":15},"2":{"name":"(anonymous_2)","decl":{"start":{"line":17,"column":12},"end":{"line":17,"column":13}},"loc":{"start":{"line":17,"column":18},"end":{"line":19,"column":7}},"line":17},"3":{"name":"(anonymous_3)","decl":{"start":{"line":20,"column":13},"end":{"line":20,"column":14}},"loc":{"start":{"line":20,"column":24},"end":{"line":22,"column":7}},"line":20},"4":{"name":"(anonymous_4)","decl":{"start":{"line":25,"column":22},"end":{"line":25,"column":23}},"loc":{"start":{"line":25,"column":34},"end":{"line":73,"column":3}},"line":25},"5":{"name":"(anonymous_5)","decl":{"start":{"line":29,"column":12},"end":{"line":29,"column":13}},"loc":{"start":{"line":29,"column":24},"end":{"line":40,"column":7}},"line":29},"6":{"name":"(anonymous_6)","decl":{"start":{"line":41,"column":13},"end":{"line":41,"column":14}},"loc":{"start":{"line":41,"column":24},"end":{"line":43,"column":7}},"line":41},"7":{"name":"(anonymous_7)","decl":{"start":{"line":45,"column":29},"end":{"line":45,"column":30}},"loc":{"start":{"line":45,"column":45},"end":{"line":72,"column":5}},"line":45}},"branchMap":{"0":{"loc":{"start":{"line":37,"column":8},"end":{"line":39,"column":9}},"type":"if","locations":[{"start":{"line":37,"column":8},"end":{"line":39,"column":9}},{"start":{},"end":{}}],"line":37},"1":{"loc":{"start":{"line":46,"column":6},"end":{"line":70,"column":7}},"type":"if","locations":[{"start":{"line":46,"column":6},"end":{"line":70,"column":7}},{"start":{},"end":{}}],"line":46},"2":{"loc":{"start":{"line":46,"column":10},"end":{"line":46,"column":56}},"type":"binary-expr","locations":[{"start":{"line":46,"column":10},"end":{"line":46,"column":14}},{"start":{"line":46,"column":18},"end":{"line":46,"column":56}}],"line":46},"3":{"loc":{"start":{"line":52,"column":8},"end":{"line":60,"column":9}},"type":"if","locations":[{"start":{"line":52,"column":8},"end":{"line":60,"column":9}},{"start":{},"end":{}}],"line":52},"4":{"loc":{"start":{"line":65,"column":8},"end":{"line":69,"column":9}},"type":"if","locations":[{"start":{"line":65,"column":8},"end":{"line":69,"column":9}},{"start":{},"end":{}}],"line":65}},"s":{"0":0,"1":0,"2":0,"3":0,"4":0,"5":0,"6":0,"7":0,"8":0,"9":0,"10":0,"11":0,"12":0,"13":0,"14":0,"15":0,"16":0,"17":0,"18":0,"19":0,"20":0,"21":0,"22":0,"23":0,"24":0,"25":0,"26":0,"27":0,"28":0},"f":{"0":0,"1":0,"2":0,"3":0,"4":0,"5":0,"6":0,"7":0},"b":{"0":[0,0],"1":[0,0],"2":[0,0],"3":[0,0],"4":[0,0]}}
,"/Users/mylesshin/Documents/vandymarketplace/src/components/MyItems.js": {"path":"/Users/mylesshin/Documents/vandymarketplace/src/components/MyItems.js","statementMap":{"0":{"start":{"line":8,"column":42},"end":{"line":8,"column":54}},"1":{"start":{"line":10,"column":25},"end":{"line":12,"column":5}},"2":{"start":{"line":11,"column":6},"end":{"line":11,"column":28}},"3":{"start":{"line":14,"column":4},"end":{"line":21,"column":6}}},"fnMap":{"0":{"name":"MyItems","decl":{"start":{"line":6,"column":24},"end":{"line":6,"column":31}},"loc":{"start":{"line":6,"column":34},"end":{"line":22,"column":3}},"line":6},"1":{"name":"(anonymous_1)","decl":{"start":{"line":10,"column":25},"end":{"line":10,"column":26}},"loc":{"start":{"line":10,"column":36},"end":{"line":12,"column":5}},"line":10}},"branchMap":{},"s":{"0":5,"1":4,"2":0,"3":4},"f":{"0":5,"1":0},"b":{},"_coverageSchema":"1a1c01bbd47fc00a2c39e90264f33305004495a9","hash":"92888e3446d7caf93337124a2170a695a346283d"}
,"/Users/mylesshin/Documents/vandymarketplace/src/components/SellItemForm.js": {"path":"/Users/mylesshin/Documents/vandymarketplace/src/components/SellItemForm.js","statementMap":{"0":{"start":{"line":39,"column":29},"end":{"line":39,"column":75}},"1":{"start":{"line":40,"column":21},"end":{"line":40,"column":31}},"2":{"start":{"line":41,"column":2},"end":{"line":41,"column":49}},"3":{"start":{"line":42,"column":30},"end":{"line":42,"column":60}},"4":{"start":{"line":43,"column":25},"end":{"line":46,"column":3}},"5":{"start":{"line":48,"column":2},"end":{"line":56,"column":3}},"6":{"start":{"line":49,"column":26},"end":{"line":49,"column":55}},"7":{"start":{"line":50,"column":27},"end":{"line":50,"column":45}},"8":{"start":{"line":51,"column":4},"end":{"line":51,"column":31}},"9":{"start":{"line":54,"column":4},"end":{"line":54,"column":55}},"10":{"start":{"line":55,"column":4},"end":{"line":55,"column":17}},"11":{"start":{"line":60,"column":19},"end":{"line":60,"column":32}},"12":{"start":{"line":62,"column":50},"end":{"line":62,"column":65}},"13":{"start":{"line":63,"column":28},"end":{"line":63,"column":42}},"14":{"start":{"line":65,"column":34},"end":{"line":72,"column":4}},"15":{"start":{"line":74,"column":23},"end":{"line":80,"column":3}},"16":{"start":{"line":75,"column":28},"end":{"line":75,"column":36}},"17":{"start":{"line":76,"column":4},"end":{"line":79,"column":7}},"18":{"start":{"line":82,"column":28},"end":{"line":90,"column":3}},"19":{"start":{"line":83,"column":18},"end":{"line":83,"column":32}},"20":{"start":{"line":84,"column":4},"end":{"line":89,"column":5}},"21":{"start":{"line":85,"column":6},"end":{"line":88,"column":9}},"22":{"start":{"line":101,"column":23},"end":{"line":122,"column":3}},"23":{"start":{"line":102,"column":4},"end":{"line":102,"column":23}},"24":{"start":{"line":103,"column":4},"end":{"line":106,"column":5}},"25":{"start":{"line":104,"column":6},"end":{"line":104,"column":53}},"26":{"start":{"line":105,"column":6},"end":{"line":105,"column":13}},"27":{"start":{"line":107,"column":4},"end":{"line":121,"column":5}},"28":{"start":{"line":108,"column":19},"end":{"line":108,"column":36}},"29":{"start":{"line":109,"column":27},"end":{"line":109,"column":65}},"30":{"start":{"line":110,"column":6},"end":{"line":116,"column":7}},"31":{"start":{"line":111,"column":8},"end":{"line":113,"column":10}},"32":{"start":{"line":114,"column":8},"end":{"line":114,"column":34}},"33":{"start":{"line":115,"column":8},"end":{"line":115,"column":15}},"34":{"start":{"line":117,"column":6},"end":{"line":117,"column":45}},"35":{"start":{"line":118,"column":6},"end":{"line":118,"column":20}},"36":{"start":{"line":120,"column":6},"end":{"line":120,"column":27}},"37":{"start":{"line":124,"column":2},"end":{"line":244,"column":4}},"38":{"start":{"line":192,"column":20},"end":{"line":195,"column":23}},"39":{"start":{"line":229,"column":27},"end":{"line":229,"column":53}}},"fnMap":{"0":{"name":"rateLimitFormSubmissions","decl":{"start":{"line":37,"column":22},"end":{"line":37,"column":46}},"loc":{"start":{"line":37,"column":55},"end":{"line":57,"column":1}},"line":37},"1":{"name":"SellItemForm","decl":{"start":{"line":59,"column":9},"end":{"line":59,"column":21}},"loc":{"start":{"line":59,"column":24},"end":{"line":245,"column":1}},"line":59},"2":{"name":"(anonymous_2)","decl":{"start":{"line":74,"column":23},"end":{"line":74,"column":24}},"loc":{"start":{"line":74,"column":30},"end":{"line":80,"column":3}},"line":74},"3":{"name":"(anonymous_3)","decl":{"start":{"line":82,"column":28},"end":{"line":82,"column":29}},"loc":{"start":{"line":82,"column":35},"end":{"line":90,"column":3}},"line":82},"4":{"name":"(anonymous_4)","decl":{"start":{"line":101,"column":23},"end":{"line":101,"column":24}},"loc":{"start":{"line":101,"column":36},"end":{"line":122,"column":3}},"line":101},"5":{"name":"(anonymous_5)","decl":{"start":{"line":191,"column":27},"end":{"line":191,"column":28}},"loc":{"start":{"line":191,"column":33},"end":{"line":196,"column":19}},"line":191},"6":{"name":"(anonymous_6)","decl":{"start":{"line":229,"column":21},"end":{"line":229,"column":22}},"loc":{"start":{"line":229,"column":27},"end":{"line":229,"column":53}},"line":229}},"branchMap":{"0":{"loc":{"start":{"line":84,"column":4},"end":{"line":89,"column":5}},"type":"if","locations":[{"start":{"line":84,"column":4},"end":{"line":89,"column":5}},{"start":{},"end":{}}],"line":84},"1":{"loc":{"start":{"line":103,"column":4},"end":{"line":106,"column":5}},"type":"if","locations":[{"start":{"line":103,"column":4},"end":{"line":106,"column":5}},{"start":{},"end":{}}],"line":103},"2":{"loc":{"start":{"line":110,"column":6},"end":{"line":116,"column":7}},"type":"if","locations":[{"start":{"line":110,"column":6},"end":{"line":116,"column":7}},{"start":{},"end":{}}],"line":110},"3":{"loc":{"start":{"line":202,"column":13},"end":{"line":209,"column":13}},"type":"binary-expr","locations":[{"start":{"line":202,"column":13},"end":{"line":202,"column":39}},{"start":{"line":203,"column":14},"end":{"line":208,"column":16}}],"line":202}},"s":{"0":0,"1":0,"2":0,"3":0,"4":0,"5":0,"6":0,"7":0,"8":0,"9":0,"10":0,"11":0,"12":0,"13":0,"14":0,"15":0,"16":0,"17":0,"18":0,"19":0,"20":0,"21":0,"22":0,"23":0,"24":0,"25":0,"26":0,"27":0,"28":0,"29":0,"30":0,"31":0,"32":0,"33":0,"34":0,"35":0,"36":0,"37":0,"38":0,"39":0},"f":{"0":0,"1":0,"2":0,"3":0,"4":0,"5":0,"6":0},"b":{"0":[0,0],"1":[0,0],"2":[0,0],"3":[0,0]}}
,"/Users/mylesshin/Documents/vandymarketplace/src/components/searchbar.js": {"path":"/Users/mylesshin/Documents/vandymarketplace/src/components/searchbar.js","statementMap":{"0":{"start":{"line":6,"column":40},"end":{"line":6,"column":52}},"1":{"start":{"line":8,"column":23},"end":{"line":10,"column":3}},"2":{"start":{"line":9,"column":4},"end":{"line":9,"column":26}},"3":{"start":{"line":12,"column":2},"end":{"line":41,"column":4}},"4":{"start":{"line":21,"column":29},"end":{"line":21,"column":59}}},"fnMap":{"0":{"name":"SearchBar","decl":{"start":{"line":4,"column":9},"end":{"line":4,"column":18}},"loc":{"start":{"line":4,"column":33},"end":{"line":42,"column":1}},"line":4},"1":{"name":"(anonymous_1)","decl":{"start":{"line":8,"column":23},"end":{"line":8,"column":24}},"loc":{"start":{"line":8,"column":29},"end":{"line":10,"column":3}},"line":8},"2":{"name":"(anonymous_2)","decl":{"start":{"line":21,"column":22},"end":{"line":21,"column":23}},"loc":{"start":{"line":21,"column":29},"end":{"line":21,"column":59}},"line":21}},"branchMap":{},"s":{"0":0,"1":0,"2":0,"3":0,"4":0},"f":{"0":0,"1":0,"2":0},"b":{},"_coverageSchema":"1a1c01bbd47fc00a2c39e90264f33305004495a9","hash":"61a4bb9adb884f6de97dc973da24be64d6b10f74"}
,"/Users/mylesshin/Documents/vandymarketplace/src/firebaseFunctions/dataload.js": {"path":"/Users/mylesshin/Documents/vandymarketplace/src/firebaseFunctions/dataload.js","statementMap":{"0":{"start":{"line":6,"column":20},"end":{"line":6,"column":42}},"1":{"start":{"line":7,"column":20},"end":{"line":7,"column":51}},"2":{"start":{"line":8,"column":18},"end":{"line":8,"column":41}},"3":{"start":{"line":9,"column":15},"end":{"line":9,"column":17}},"4":{"start":{"line":10,"column":2},"end":{"line":16,"column":3}},"5":{"start":{"line":11,"column":4},"end":{"line":11,"column":35}},"6":{"start":{"line":12,"column":4},"end":{"line":12,"column":24}},"7":{"start":{"line":14,"column":4},"end":{"line":14,"column":25}},"8":{"start":{"line":15,"column":4},"end":{"line":15,"column":46}},"9":{"start":{"line":17,"column":2},"end":{"line":17,"column":16}},"10":{"start":{"line":21,"column":25},"end":{"line":21,"column":48}},"11":{"start":{"line":22,"column":18},"end":{"line":22,"column":20}},"12":{"start":{"line":24,"column":2},"end":{"line":62,"column":3}},"13":{"start":{"line":25,"column":4},"end":{"line":54,"column":5}},"14":{"start":{"line":26,"column":22},"end":{"line":26,"column":46}},"15":{"start":{"line":27,"column":39},"end":{"line":27,"column":73}},"16":{"start":{"line":28,"column":33},"end":{"line":28,"column":72}},"17":{"start":{"line":29,"column":6},"end":{"line":33,"column":9}},"18":{"start":{"line":30,"column":25},"end":{"line":30,"column":35}},"19":{"start":{"line":31,"column":8},"end":{"line":31,"column":29}},"20":{"start":{"line":32,"column":8},"end":{"line":32,"column":33}},"21":{"start":{"line":35,"column":28},"end":{"line":35,"column":57}},"22":{"start":{"line":36,"column":6},"end":{"line":53,"column":8}},"23":{"start":{"line":38,"column":43},"end":{"line":41,"column":11}},"24":{"start":{"line":44,"column":37},"end":{"line":46,"column":11}},"25":{"start":{"line":47,"column":10},"end":{"line":51,"column":13}},"26":{"start":{"line":48,"column":29},"end":{"line":48,"column":39}},"27":{"start":{"line":49,"column":12},"end":{"line":49,"column":33}},"28":{"start":{"line":50,"column":12},"end":{"line":50,"column":37}},"29":{"start":{"line":56,"column":4},"end":{"line":56,"column":56}},"30":{"start":{"line":56,"column":29},"end":{"line":56,"column":54}},"31":{"start":{"line":58,"column":4},"end":{"line":58,"column":21}},"32":{"start":{"line":60,"column":4},"end":{"line":60,"column":54}},"33":{"start":{"line":61,"column":4},"end":{"line":61,"column":14}},"34":{"start":{"line":66,"column":25},"end":{"line":66,"column":48}},"35":{"start":{"line":67,"column":18},"end":{"line":67,"column":20}},"36":{"start":{"line":69,"column":2},"end":{"line":109,"column":3}},"37":{"start":{"line":70,"column":26},"end":{"line":70,"column":55}},"38":{"start":{"line":72,"column":4},"end":{"line":102,"column":6}},"39":{"start":{"line":74,"column":41},"end":{"line":74,"column":79}},"40":{"start":{"line":77,"column":35},"end":{"line":79,"column":9}},"41":{"start":{"line":81,"column":8},"end":{"line":100,"column":11}},"42":{"start":{"line":82,"column":27},"end":{"line":82,"column":37}},"43":{"start":{"line":83,"column":10},"end":{"line":99,"column":11}},"44":{"start":{"line":85,"column":12},"end":{"line":92,"column":13}},"45":{"start":{"line":90,"column":14},"end":{"line":90,"column":35}},"46":{"start":{"line":91,"column":14},"end":{"line":91,"column":39}},"47":{"start":{"line":93,"column":17},"end":{"line":99,"column":11}},"48":{"start":{"line":97,"column":12},"end":{"line":97,"column":33}},"49":{"start":{"line":98,"column":12},"end":{"line":98,"column":37}},"50":{"start":{"line":103,"column":4},"end":{"line":103,"column":56}},"51":{"start":{"line":103,"column":29},"end":{"line":103,"column":54}},"52":{"start":{"line":105,"column":4},"end":{"line":105,"column":21}},"53":{"start":{"line":107,"column":4},"end":{"line":107,"column":54}},"54":{"start":{"line":108,"column":4},"end":{"line":108,"column":14}},"55":{"start":{"line":113,"column":25},"end":{"line":113,"column":71}},"56":{"start":{"line":115,"column":24},"end":{"line":117,"column":3}},"57":{"start":{"line":120,"column":18},"end":{"line":120,"column":20}},"58":{"start":{"line":122,"column":2},"end":{"line":125,"column":3}},"59":{"start":{"line":123,"column":17},"end":{"line":123,"column":37}},"60":{"start":{"line":124,"column":4},"end":{"line":124,"column":31}},"61":{"start":{"line":127,"column":2},"end":{"line":127,"column":19}}},"fnMap":{"0":{"name":"getUserID","decl":{"start":{"line":5,"column":22},"end":{"line":5,"column":31}},"loc":{"start":{"line":5,"column":34},"end":{"line":18,"column":1}},"line":5},"1":{"name":"AllSellItemsLoader","decl":{"start":{"line":20,"column":22},"end":{"line":20,"column":40}},"loc":{"start":{"line":20,"column":49},"end":{"line":63,"column":1}},"line":20},"2":{"name":"(anonymous_2)","decl":{"start":{"line":29,"column":33},"end":{"line":29,"column":34}},"loc":{"start":{"line":29,"column":42},"end":{"line":33,"column":7}},"line":29},"3":{"name":"(anonymous_3)","decl":{"start":{"line":37,"column":31},"end":{"line":37,"column":32}},"loc":{"start":{"line":37,"column":50},"end":{"line":52,"column":9}},"line":37},"4":{"name":"(anonymous_4)","decl":{"start":{"line":47,"column":37},"end":{"line":47,"column":38}},"loc":{"start":{"line":47,"column":46},"end":{"line":51,"column":11}},"line":47},"5":{"name":"(anonymous_5)","decl":{"start":{"line":56,"column":19},"end":{"line":56,"column":20}},"loc":{"start":{"line":56,"column":29},"end":{"line":56,"column":54}},"line":56},"6":{"name":"QueryItemsLoader","decl":{"start":{"line":65,"column":22},"end":{"line":65,"column":38}},"loc":{"start":{"line":65,"column":77},"end":{"line":110,"column":1}},"line":65},"7":{"name":"(anonymous_7)","decl":{"start":{"line":73,"column":29},"end":{"line":73,"column":30}},"loc":{"start":{"line":73,"column":48},"end":{"line":101,"column":7}},"line":73},"8":{"name":"(anonymous_8)","decl":{"start":{"line":81,"column":35},"end":{"line":81,"column":36}},"loc":{"start":{"line":81,"column":44},"end":{"line":100,"column":9}},"line":81},"9":{"name":"(anonymous_9)","decl":{"start":{"line":103,"column":19},"end":{"line":103,"column":20}},"loc":{"start":{"line":103,"column":29},"end":{"line":103,"column":54}},"line":103},"10":{"name":"UserSellItemsLoader","decl":{"start":{"line":112,"column":22},"end":{"line":112,"column":41}},"loc":{"start":{"line":112,"column":50},"end":{"line":128,"column":1}},"line":112}},"branchMap":{"0":{"loc":{"start":{"line":10,"column":2},"end":{"line":16,"column":3}},"type":"if","locations":[{"start":{"line":10,"column":2},"end":{"line":16,"column":3}},{"start":{"line":13,"column":9},"end":{"line":16,"column":3}}],"line":10},"1":{"loc":{"start":{"line":25,"column":4},"end":{"line":54,"column":5}},"type":"if","locations":[{"start":{"line":25,"column":4},"end":{"line":54,"column":5}},{"start":{"line":34,"column":11},"end":{"line":54,"column":5}}],"line":25},"2":{"loc":{"start":{"line":65,"column":60},"end":{"line":65,"column":75}},"type":"default-arg","locations":[{"start":{"line":65,"column":70},"end":{"line":65,"column":75}}],"line":65},"3":{"loc":{"start":{"line":83,"column":10},"end":{"line":99,"column":11}},"type":"if","locations":[{"start":{"line":83,"column":10},"end":{"line":99,"column":11}},{"start":{"line":93,"column":17},"end":{"line":99,"column":11}}],"line":83},"4":{"loc":{"start":{"line":85,"column":12},"end":{"line":92,"column":13}},"type":"if","locations":[{"start":{"line":85,"column":12},"end":{"line":92,"column":13}},{"start":{},"end":{}}],"line":85},"5":{"loc":{"start":{"line":86,"column":14},"end":{"line":88,"column":59}},"type":"binary-expr","locations":[{"start":{"line":86,"column":14},"end":{"line":86,"column":39}},{"start":{"line":87,"column":15},"end":{"line":87,"column":57}},{"start":{"line":88,"column":16},"end":{"line":88,"column":58}}],"line":86},"6":{"loc":{"start":{"line":93,"column":17},"end":{"line":99,"column":11}},"type":"if","locations":[{"start":{"line":93,"column":17},"end":{"line":99,"column":11}},{"start":{},"end":{}}],"line":93},"7":{"loc":{"start":{"line":94,"column":12},"end":{"line":95,"column":54}},"type":"binary-expr","locations":[{"start":{"line":94,"column":12},"end":{"line":94,"column":54}},{"start":{"line":95,"column":12},"end":{"line":95,"column":54}}],"line":94},"8":{"loc":{"start":{"line":122,"column":2},"end":{"line":125,"column":3}},"type":"if","locations":[{"start":{"line":122,"column":2},"end":{"line":125,"column":3}},{"start":{},"end":{}}],"line":122}},"s":{"0":0,"1":0,"2":0,"3":0,"4":0,"5":0,"6":0,"7":0,"8":0,"9":0,"10":0,"11":0,"12":0,"13":0,"14":0,"15":0,"16":0,"17":0,"18":0,"19":0,"20":0,"21":0,"22":0,"23":0,"24":0,"25":0,"26":0,"27":0,"28":0,"29":0,"30":0,"31":0,"32":0,"33":0,"34":0,"35":0,"36":0,"37":0,"38":0,"39":0,"40":0,"41":0,"42":0,"43":0,"44":0,"45":0,"46":0,"47":0,"48":0,"49":0,"50":0,"51":0,"52":0,"53":0,"54":0,"55":0,"56":0,"57":0,"58":0,"59":0,"60":0,"61":0},"f":{"0":0,"1":0,"2":0,"3":0,"4":0,"5":0,"6":0,"7":0,"8":0,"9":0,"10":0},"b":{"0":[0,0],"1":[0,0],"2":[0],"3":[0,0],"4":[0,0],"5":[0,0,0],"6":[0,0],"7":[0,0],"8":[0,0]},"_coverageSchema":"1a1c01bbd47fc00a2c39e90264f33305004495a9","hash":"7afd555f52bfc282ea761837a23c16de93f0bf34"}
,"/Users/mylesshin/Documents/vandymarketplace/src/firebaseFunctions/firebaseWrite.js": {"path":"/Users/mylesshin/Documents/vandymarketplace/src/firebaseFunctions/firebaseWrite.js","statementMap":{"0":{"start":{"line":15,"column":17},"end":{"line":15,"column":41}},"1":{"start":{"line":17,"column":24},"end":{"line":17,"column":57}},"2":{"start":{"line":19,"column":20},"end":{"line":19,"column":22}},"3":{"start":{"line":21,"column":2},"end":{"line":28,"column":3}},"4":{"start":{"line":22,"column":23},"end":{"line":22,"column":62}},"5":{"start":{"line":23,"column":4},"end":{"line":23,"column":41}},"6":{"start":{"line":26,"column":24},"end":{"line":26,"column":56}},"7":{"start":{"line":27,"column":4},"end":{"line":27,"column":32}},"8":{"start":{"line":30,"column":2},"end":{"line":39,"column":5}},"9":{"start":{"line":43,"column":18},"end":{"line":43,"column":42}},"10":{"start":{"line":44,"column":20},"end":{"line":44,"column":46}},"11":{"start":{"line":45,"column":18},"end":{"line":45,"column":55}},"12":{"start":{"line":48,"column":2},"end":{"line":59,"column":5}},"13":{"start":{"line":49,"column":20},"end":{"line":49,"column":50}},"14":{"start":{"line":50,"column":4},"end":{"line":52,"column":5}},"15":{"start":{"line":51,"column":6},"end":{"line":51,"column":46}},"16":{"start":{"line":55,"column":4},"end":{"line":55,"column":62}},"17":{"start":{"line":58,"column":4},"end":{"line":58,"column":68}},"18":{"start":{"line":64,"column":18},"end":{"line":64,"column":42}},"19":{"start":{"line":65,"column":20},"end":{"line":65,"column":46}},"20":{"start":{"line":66,"column":18},"end":{"line":66,"column":55}},"21":{"start":{"line":69,"column":2},"end":{"line":80,"column":5}},"22":{"start":{"line":70,"column":20},"end":{"line":70,"column":50}},"23":{"start":{"line":71,"column":4},"end":{"line":73,"column":5}},"24":{"start":{"line":72,"column":6},"end":{"line":72,"column":46}},"25":{"start":{"line":76,"column":4},"end":{"line":76,"column":63}},"26":{"start":{"line":79,"column":4},"end":{"line":79,"column":69}}},"fnMap":{"0":{"name":"storeItemsSell","decl":{"start":{"line":14,"column":22},"end":{"line":14,"column":36}},"loc":{"start":{"line":14,"column":56},"end":{"line":40,"column":1}},"line":14},"1":{"name":"likeItem","decl":{"start":{"line":42,"column":22},"end":{"line":42,"column":30}},"loc":{"start":{"line":42,"column":57},"end":{"line":60,"column":1}},"line":42},"2":{"name":"(anonymous_2)","decl":{"start":{"line":48,"column":28},"end":{"line":48,"column":29}},"loc":{"start":{"line":48,"column":51},"end":{"line":59,"column":3}},"line":48},"3":{"name":"unlikeItem","decl":{"start":{"line":62,"column":22},"end":{"line":62,"column":32}},"loc":{"start":{"line":62,"column":59},"end":{"line":81,"column":1}},"line":62},"4":{"name":"(anonymous_4)","decl":{"start":{"line":69,"column":28},"end":{"line":69,"column":29}},"loc":{"start":{"line":69,"column":51},"end":{"line":80,"column":3}},"line":69}},"branchMap":{"0":{"loc":{"start":{"line":50,"column":4},"end":{"line":52,"column":5}},"type":"if","locations":[{"start":{"line":50,"column":4},"end":{"line":52,"column":5}},{"start":{},"end":{}}],"line":50},"1":{"loc":{"start":{"line":71,"column":4},"end":{"line":73,"column":5}},"type":"if","locations":[{"start":{"line":71,"column":4},"end":{"line":73,"column":5}},{"start":{},"end":{}}],"line":71}},"s":{"0":0,"1":0,"2":0,"3":0,"4":0,"5":0,"6":0,"7":0,"8":0,"9":0,"10":0,"11":0,"12":0,"13":0,"14":0,"15":0,"16":0,"17":0,"18":0,"19":0,"20":0,"21":0,"22":0,"23":0,"24":0,"25":0,"26":0},"f":{"0":0,"1":0,"2":0,"3":0,"4":0},"b":{"0":[0,0],"1":[0,0]},"_coverageSchema":"1a1c01bbd47fc00a2c39e90264f33305004495a9","hash":"619f08fec87e209709f521932d999161a2f0959b"}
}
