{"/Users/scottkang/Desktop/vandymarketplace/vandymarketplace/babel.config.js": {"path":"/Users/scottkang/Desktop/vandymarketplace/vandymarketplace/babel.config.js","statementMap":{"0":{"start":{"line":1,"column":0},"end":{"line":11,"column":3}}},"fnMap":{},"branchMap":{},"s":{"0":0},"f":{},"b":{}}
,"/Users/scottkang/Desktop/vandymarketplace/vandymarketplace/src/App.js": {"path":"/Users/scottkang/Desktop/vandymarketplace/vandymarketplace/src/App.js","statementMap":{"0":{"start":{"line":8,"column":15},"end":{"line":16,"column":1}},"1":{"start":{"line":18,"column":14},"end":{"line":20,"column":2}},"2":{"start":{"line":23,"column":2},"end":{"line":42,"column":4}}},"fnMap":{"0":{"name":"App","decl":{"start":{"line":22,"column":9},"end":{"line":22,"column":12}},"loc":{"start":{"line":22,"column":15},"end":{"line":43,"column":1}},"line":22}},"branchMap":{},"s":{"0":0,"1":0,"2":0},"f":{"0":0},"b":{}}
,"/Users/scottkang/Desktop/vandymarketplace/vandymarketplace/src/firebaseConfig.js": {"path":"/Users/scottkang/Desktop/vandymarketplace/vandymarketplace/src/firebaseConfig.js","statementMap":{"0":{"start":{"line":11,"column":23},"end":{"line":19,"column":1}},"1":{"start":{"line":22,"column":12},"end":{"line":22,"column":41}},"2":{"start":{"line":23,"column":11},"end":{"line":23,"column":28}},"3":{"start":{"line":24,"column":16},"end":{"line":24,"column":31}},"4":{"start":{"line":25,"column":13},"end":{"line":25,"column":22}}},"fnMap":{},"branchMap":{},"s":{"0":1,"1":1,"2":1,"3":1,"4":1},"f":{},"b":{},"_coverageSchema":"1a1c01bbd47fc00a2c39e90264f33305004495a9","hash":"325dc121c282bd11a9966448a4e3495fcc84004a"}
,"/Users/scottkang/Desktop/vandymarketplace/vandymarketplace/src/index.js": {"path":"/Users/scottkang/Desktop/vandymarketplace/vandymarketplace/src/index.js","statementMap":{"0":{"start":{"line":7,"column":13},"end":{"line":7,"column":65}},"1":{"start":{"line":8,"column":0},"end":{"line":12,"column":2}},"2":{"start":{"line":17,"column":0},"end":{"line":17,"column":18}}},"fnMap":{},"branchMap":{},"s":{"0":0,"1":0,"2":0},"f":{},"b":{}}
,"/Users/scottkang/Desktop/vandymarketplace/vandymarketplace/src/reportWebVitals.js": {"path":"/Users/scottkang/Desktop/vandymarketplace/vandymarketplace/src/reportWebVitals.js","statementMap":{"0":{"start":{"line":1,"column":24},"end":{"line":11,"column":1}},"1":{"start":{"line":2,"column":2},"end":{"line":10,"column":3}},"2":{"start":{"line":3,"column":4},"end":{"line":9,"column":7}},"3":{"start":{"line":4,"column":6},"end":{"line":4,"column":26}},"4":{"start":{"line":5,"column":6},"end":{"line":5,"column":26}},"5":{"start":{"line":6,"column":6},"end":{"line":6,"column":26}},"6":{"start":{"line":7,"column":6},"end":{"line":7,"column":26}},"7":{"start":{"line":8,"column":6},"end":{"line":8,"column":27}}},"fnMap":{"0":{"name":"(anonymous_0)","decl":{"start":{"line":1,"column":24},"end":{"line":1,"column":25}},"loc":{"start":{"line":1,"column":39},"end":{"line":11,"column":1}},"line":1},"1":{"name":"(anonymous_1)","decl":{"start":{"line":3,"column":30},"end":{"line":3,"column":31}},"loc":{"start":{"line":3,"column":79},"end":{"line":9,"column":5}},"line":3}},"branchMap":{"0":{"loc":{"start":{"line":2,"column":2},"end":{"line":10,"column":3}},"type":"if","locations":[{"start":{"line":2,"column":2},"end":{"line":10,"column":3}},{"start":{},"end":{}}],"line":2},"1":{"loc":{"start":{"line":2,"column":6},"end":{"line":2,"column":52}},"type":"binary-expr","locations":[{"start":{"line":2,"column":6},"end":{"line":2,"column":17}},{"start":{"line":2,"column":21},"end":{"line":2,"column":52}}],"line":2}},"s":{"0":0,"1":0,"2":0,"3":0,"4":0,"5":0,"6":0,"7":0},"f":{"0":0,"1":0},"b":{"0":[0,0],"1":[0,0]}}
,"/Users/scottkang/Desktop/vandymarketplace/vandymarketplace/src/setupTests.js": {"path":"/Users/scottkang/Desktop/vandymarketplace/vandymarketplace/src/setupTests.js","statementMap":{},"fnMap":{},"branchMap":{},"s":{},"f":{},"b":{}}
,"/Users/scottkang/Desktop/vandymarketplace/vandymarketplace/src/authentication/logout.js": {"path":"/Users/scottkang/Desktop/vandymarketplace/vandymarketplace/src/authentication/logout.js","statementMap":{"0":{"start":{"line":5,"column":22},"end":{"line":13,"column":3}},"1":{"start":{"line":6,"column":4},"end":{"line":12,"column":9}},"2":{"start":{"line":8,"column":8},"end":{"line":8,"column":48}},"3":{"start":{"line":11,"column":8},"end":{"line":11,"column":34}}},"fnMap":{"0":{"name":"(anonymous_0)","decl":{"start":{"line":5,"column":22},"end":{"line":5,"column":23}},"loc":{"start":{"line":5,"column":28},"end":{"line":13,"column":3}},"line":5},"1":{"name":"(anonymous_1)","decl":{"start":{"line":7,"column":12},"end":{"line":7,"column":13}},"loc":{"start":{"line":7,"column":18},"end":{"line":9,"column":7}},"line":7},"2":{"name":"(anonymous_2)","decl":{"start":{"line":10,"column":13},"end":{"line":10,"column":14}},"loc":{"start":{"line":10,"column":24},"end":{"line":12,"column":7}},"line":10}},"branchMap":{},"s":{"0":0,"1":0,"2":0,"3":0},"f":{"0":0,"1":0,"2":0},"b":{}}
,"/Users/scottkang/Desktop/vandymarketplace/vandymarketplace/src/backend/server.js": {"path":"/Users/scottkang/Desktop/vandymarketplace/vandymarketplace/src/backend/server.js","statementMap":{"0":{"start":{"line":1,"column":16},"end":{"line":1,"column":34}},"1":{"start":{"line":2,"column":19},"end":{"line":2,"column":41}},"2":{"start":{"line":3,"column":19},"end":{"line":3,"column":40}},"3":{"start":{"line":4,"column":13},"end":{"line":4,"column":28}},"4":{"start":{"line":5,"column":13},"end":{"line":5,"column":28}},"5":{"start":{"line":7,"column":12},"end":{"line":7,"column":21}},"6":{"start":{"line":8,"column":13},"end":{"line":8,"column":17}},"7":{"start":{"line":11,"column":0},"end":{"line":11,"column":16}},"8":{"start":{"line":13,"column":0},"end":{"line":13,"column":27}},"9":{"start":{"line":16,"column":20},"end":{"line":22,"column":2}},"10":{"start":{"line":24,"column":15},"end":{"line":24,"column":37}},"11":{"start":{"line":27,"column":0},"end":{"line":65,"column":3}},"12":{"start":{"line":28,"column":2},"end":{"line":64,"column":3}},"13":{"start":{"line":36,"column":8},"end":{"line":36,"column":16}},"14":{"start":{"line":39,"column":24},"end":{"line":55,"column":5}},"15":{"start":{"line":57,"column":4},"end":{"line":57,"column":44}},"16":{"start":{"line":58,"column":4},"end":{"line":58,"column":46}},"17":{"start":{"line":60,"column":4},"end":{"line":60,"column":53}},"18":{"start":{"line":62,"column":4},"end":{"line":62,"column":49}},"19":{"start":{"line":63,"column":4},"end":{"line":63,"column":61}},"20":{"start":{"line":67,"column":0},"end":{"line":69,"column":3}},"21":{"start":{"line":68,"column":2},"end":{"line":68,"column":51}},"22":{"start":{"line":73,"column":2},"end":{"line":78,"column":3}},"23":{"start":{"line":74,"column":4},"end":{"line":74,"column":44}},"24":{"start":{"line":76,"column":4},"end":{"line":76,"column":49}},"25":{"start":{"line":77,"column":4},"end":{"line":77,"column":45}},"26":{"start":{"line":81,"column":0},"end":{"line":81,"column":33}}},"fnMap":{"0":{"name":"(anonymous_0)","decl":{"start":{"line":27,"column":24},"end":{"line":27,"column":25}},"loc":{"start":{"line":27,"column":44},"end":{"line":65,"column":1}},"line":27},"1":{"name":"(anonymous_1)","decl":{"start":{"line":67,"column":20},"end":{"line":67,"column":21}},"loc":{"start":{"line":67,"column":26},"end":{"line":69,"column":1}},"line":67},"2":{"name":"sendEmail","decl":{"start":{"line":72,"column":15},"end":{"line":72,"column":24}},"loc":{"start":{"line":72,"column":51},"end":{"line":79,"column":1}},"line":72}},"branchMap":{},"s":{"0":0,"1":0,"2":0,"3":0,"4":0,"5":0,"6":0,"7":0,"8":0,"9":0,"10":0,"11":0,"12":0,"13":0,"14":0,"15":0,"16":0,"17":0,"18":0,"19":0,"20":0,"21":0,"22":0,"23":0,"24":0,"25":0,"26":0},"f":{"0":0,"1":0,"2":0},"b":{}}
,"/Users/scottkang/Desktop/vandymarketplace/vandymarketplace/src/components/ContactForm.js": {"path":"/Users/scottkang/Desktop/vandymarketplace/vandymarketplace/src/components/ContactForm.js","statementMap":{"0":{"start":{"line":17,"column":20},"end":{"line":119,"column":1}},"1":{"start":{"line":25,"column":38},"end":{"line":25,"column":50}},"2":{"start":{"line":26,"column":32},"end":{"line":26,"column":44}},"3":{"start":{"line":28,"column":33},"end":{"line":30,"column":3}},"4":{"start":{"line":29,"column":4},"end":{"line":29,"column":38}},"5":{"start":{"line":32,"column":30},"end":{"line":34,"column":3}},"6":{"start":{"line":33,"column":4},"end":{"line":33,"column":35}},"7":{"start":{"line":35,"column":23},"end":{"line":62,"column":3}},"8":{"start":{"line":36,"column":4},"end":{"line":61,"column":5}},"9":{"start":{"line":37,"column":23},"end":{"line":50,"column":8}},"10":{"start":{"line":52,"column":6},"end":{"line":58,"column":7}},"11":{"start":{"line":53,"column":21},"end":{"line":53,"column":42}},"12":{"start":{"line":54,"column":8},"end":{"line":54,"column":34}},"13":{"start":{"line":55,"column":8},"end":{"line":55,"column":18}},"14":{"start":{"line":57,"column":8},"end":{"line":57,"column":69}},"15":{"start":{"line":60,"column":6},"end":{"line":60,"column":53}},"16":{"start":{"line":64,"column":2},"end":{"line":118,"column":4}}},"fnMap":{"0":{"name":"(anonymous_0)","decl":{"start":{"line":17,"column":20},"end":{"line":17,"column":21}},"loc":{"start":{"line":24,"column":6},"end":{"line":119,"column":1}},"line":24},"1":{"name":"(anonymous_1)","decl":{"start":{"line":28,"column":33},"end":{"line":28,"column":34}},"loc":{"start":{"line":28,"column":44},"end":{"line":30,"column":3}},"line":28},"2":{"name":"(anonymous_2)","decl":{"start":{"line":32,"column":30},"end":{"line":32,"column":31}},"loc":{"start":{"line":32,"column":41},"end":{"line":34,"column":3}},"line":32},"3":{"name":"(anonymous_3)","decl":{"start":{"line":35,"column":23},"end":{"line":35,"column":24}},"loc":{"start":{"line":35,"column":35},"end":{"line":62,"column":3}},"line":35}},"branchMap":{"0":{"loc":{"start":{"line":52,"column":6},"end":{"line":58,"column":7}},"type":"if","locations":[{"start":{"line":52,"column":6},"end":{"line":58,"column":7}},{"start":{"line":56,"column":13},"end":{"line":58,"column":7}}],"line":52}},"s":{"0":0,"1":0,"2":0,"3":0,"4":0,"5":0,"6":0,"7":0,"8":0,"9":0,"10":0,"11":0,"12":0,"13":0,"14":0,"15":0,"16":0},"f":{"0":0,"1":0,"2":0,"3":0},"b":{"0":[0,0]}}
,"/Users/scottkang/Desktop/vandymarketplace/vandymarketplace/src/components/Favorites.js": {"path":"/Users/scottkang/Desktop/vandymarketplace/vandymarketplace/src/components/Favorites.js","statementMap":{"0":{"start":{"line":11,"column":18},"end":{"line":91,"column":1}},"1":{"start":{"line":12,"column":38},"end":{"line":12,"column":50}},"2":{"start":{"line":13,"column":40},"end":{"line":13,"column":52}},"3":{"start":{"line":14,"column":40},"end":{"line":14,"column":52}},"4":{"start":{"line":15,"column":44},"end":{"line":15,"column":56}},"5":{"start":{"line":17,"column":2},"end":{"line":57,"column":9}},"6":{"start":{"line":19,"column":28},"end":{"line":42,"column":5}},"7":{"start":{"line":20,"column":6},"end":{"line":41,"column":7}},"8":{"start":{"line":21,"column":24},"end":{"line":21,"column":48}},"9":{"start":{"line":22,"column":25},"end":{"line":22,"column":46}},"10":{"start":{"line":23,"column":8},"end":{"line":38,"column":9}},"11":{"start":{"line":24,"column":36},"end":{"line":24,"column":68}},"12":{"start":{"line":25,"column":31},"end":{"line":25,"column":33}},"13":{"start":{"line":26,"column":10},"end":{"line":36,"column":11}},"14":{"start":{"line":27,"column":27},"end":{"line":27,"column":38}},"15":{"start":{"line":28,"column":29},"end":{"line":28,"column":42}},"16":{"start":{"line":29,"column":28},"end":{"line":29,"column":77}},"17":{"start":{"line":30,"column":33},"end":{"line":30,"column":54}},"18":{"start":{"line":31,"column":12},"end":{"line":35,"column":13}},"19":{"start":{"line":32,"column":31},"end":{"line":32,"column":50}},"20":{"start":{"line":33,"column":14},"end":{"line":33,"column":35}},"21":{"start":{"line":34,"column":14},"end":{"line":34,"column":42}},"22":{"start":{"line":37,"column":10},"end":{"line":37,"column":38}},"23":{"start":{"line":40,"column":8},"end":{"line":40,"column":56}},"24":{"start":{"line":45,"column":24},"end":{"line":53,"column":6}},"25":{"start":{"line":46,"column":6},"end":{"line":52,"column":7}},"26":{"start":{"line":47,"column":23},"end":{"line":47,"column":40}},"27":{"start":{"line":48,"column":8},"end":{"line":48,"column":32}},"28":{"start":{"line":51,"column":8},"end":{"line":51,"column":26}},"29":{"start":{"line":56,"column":4},"end":{"line":56,"column":31}},"30":{"start":{"line":56,"column":17},"end":{"line":56,"column":30}},"31":{"start":{"line":59,"column":23},"end":{"line":61,"column":3}},"32":{"start":{"line":60,"column":4},"end":{"line":60,"column":26}},"33":{"start":{"line":63,"column":28},"end":{"line":65,"column":3}},"34":{"start":{"line":64,"column":4},"end":{"line":64,"column":34}},"35":{"start":{"line":67,"column":24},"end":{"line":69,"column":3}},"36":{"start":{"line":68,"column":4},"end":{"line":68,"column":30}},"37":{"start":{"line":71,"column":2},"end":{"line":90,"column":4}}},"fnMap":{"0":{"name":"(anonymous_0)","decl":{"start":{"line":11,"column":18},"end":{"line":11,"column":19}},"loc":{"start":{"line":11,"column":24},"end":{"line":91,"column":1}},"line":11},"1":{"name":"(anonymous_1)","decl":{"start":{"line":17,"column":12},"end":{"line":17,"column":13}},"loc":{"start":{"line":17,"column":18},"end":{"line":57,"column":3}},"line":17},"2":{"name":"(anonymous_2)","decl":{"start":{"line":19,"column":28},"end":{"line":19,"column":29}},"loc":{"start":{"line":19,"column":46},"end":{"line":42,"column":5}},"line":19},"3":{"name":"(anonymous_3)","decl":{"start":{"line":45,"column":48},"end":{"line":45,"column":49}},"loc":{"start":{"line":45,"column":64},"end":{"line":53,"column":5}},"line":45},"4":{"name":"(anonymous_4)","decl":{"start":{"line":56,"column":11},"end":{"line":56,"column":12}},"loc":{"start":{"line":56,"column":17},"end":{"line":56,"column":30}},"line":56},"5":{"name":"(anonymous_5)","decl":{"start":{"line":59,"column":23},"end":{"line":59,"column":24}},"loc":{"start":{"line":59,"column":34},"end":{"line":61,"column":3}},"line":59},"6":{"name":"(anonymous_6)","decl":{"start":{"line":63,"column":28},"end":{"line":63,"column":29}},"loc":{"start":{"line":63,"column":45},"end":{"line":65,"column":3}},"line":63},"7":{"name":"(anonymous_7)","decl":{"start":{"line":67,"column":24},"end":{"line":67,"column":25}},"loc":{"start":{"line":67,"column":39},"end":{"line":69,"column":3}},"line":67}},"branchMap":{"0":{"loc":{"start":{"line":23,"column":8},"end":{"line":38,"column":9}},"type":"if","locations":[{"start":{"line":23,"column":8},"end":{"line":38,"column":9}},{"start":{},"end":{}}],"line":23},"1":{"loc":{"start":{"line":24,"column":36},"end":{"line":24,"column":68}},"type":"binary-expr","locations":[{"start":{"line":24,"column":36},"end":{"line":24,"column":62}},{"start":{"line":24,"column":66},"end":{"line":24,"column":68}}],"line":24},"2":{"loc":{"start":{"line":31,"column":12},"end":{"line":35,"column":13}},"type":"if","locations":[{"start":{"line":31,"column":12},"end":{"line":35,"column":13}},{"start":{},"end":{}}],"line":31},"3":{"loc":{"start":{"line":46,"column":6},"end":{"line":52,"column":7}},"type":"if","locations":[{"start":{"line":46,"column":6},"end":{"line":52,"column":7}},{"start":{"line":49,"column":13},"end":{"line":52,"column":7}}],"line":46}},"s":{"0":0,"1":0,"2":0,"3":0,"4":0,"5":0,"6":0,"7":0,"8":0,"9":0,"10":0,"11":0,"12":0,"13":0,"14":0,"15":0,"16":0,"17":0,"18":0,"19":0,"20":0,"21":0,"22":0,"23":0,"24":0,"25":0,"26":0,"27":0,"28":0,"29":0,"30":0,"31":0,"32":0,"33":0,"34":0,"35":0,"36":0,"37":0},"f":{"0":0,"1":0,"2":0,"3":0,"4":0,"5":0,"6":0,"7":0},"b":{"0":[0,0],"1":[0,0],"2":[0,0],"3":[0,0]}}
,"/Users/scottkang/Desktop/vandymarketplace/vandymarketplace/src/components/Header.js": {"path":"/Users/scottkang/Desktop/vandymarketplace/vandymarketplace/src/components/Header.js","statementMap":{"0":{"start":{"line":20,"column":15},"end":{"line":107,"column":1}},"1":{"start":{"line":21,"column":19},"end":{"line":21,"column":32}},"2":{"start":{"line":22,"column":36},"end":{"line":24,"column":3}},"3":{"start":{"line":26,"column":2},"end":{"line":39,"column":5}},"4":{"start":{"line":30,"column":6},"end":{"line":36,"column":7}},"5":{"start":{"line":31,"column":23},"end":{"line":31,"column":72}},"6":{"start":{"line":31,"column":31},"end":{"line":31,"column":72}},"7":{"start":{"line":31,"column":52},"end":{"line":31,"column":71}},"8":{"start":{"line":32,"column":8},"end":{"line":32,"column":27}},"9":{"start":{"line":33,"column":8},"end":{"line":33,"column":49}},"10":{"start":{"line":35,"column":8},"end":{"line":35,"column":23}},"11":{"start":{"line":38,"column":4},"end":{"line":38,"column":11}},"12":{"start":{"line":41,"column":23},"end":{"line":47,"column":3}},"13":{"start":{"line":42,"column":4},"end":{"line":46,"column":5}},"14":{"start":{"line":43,"column":6},"end":{"line":43,"column":15}},"15":{"start":{"line":45,"column":6},"end":{"line":45,"column":49}},"16":{"start":{"line":49,"column":2},"end":{"line":106,"column":4}},"17":{"start":{"line":93,"column":39},"end":{"line":93,"column":52}},"18":{"start":{"line":94,"column":39},"end":{"line":94,"column":61}},"19":{"start":{"line":97,"column":39},"end":{"line":97,"column":60}}},"fnMap":{"0":{"name":"(anonymous_0)","decl":{"start":{"line":20,"column":15},"end":{"line":20,"column":16}},"loc":{"start":{"line":20,"column":21},"end":{"line":107,"column":1}},"line":20},"1":{"name":"(anonymous_1)","decl":{"start":{"line":26,"column":12},"end":{"line":26,"column":13}},"loc":{"start":{"line":26,"column":18},"end":{"line":39,"column":3}},"line":26},"2":{"name":"load","decl":{"start":{"line":29,"column":19},"end":{"line":29,"column":23}},"loc":{"start":{"line":29,"column":26},"end":{"line":37,"column":5}},"line":29},"3":{"name":"(anonymous_3)","decl":{"start":{"line":31,"column":23},"end":{"line":31,"column":24}},"loc":{"start":{"line":31,"column":31},"end":{"line":31,"column":72}},"line":31},"4":{"name":"(anonymous_4)","decl":{"start":{"line":31,"column":43},"end":{"line":31,"column":44}},"loc":{"start":{"line":31,"column":52},"end":{"line":31,"column":71}},"line":31},"5":{"name":"(anonymous_5)","decl":{"start":{"line":41,"column":23},"end":{"line":41,"column":24}},"loc":{"start":{"line":41,"column":35},"end":{"line":47,"column":3}},"line":41},"6":{"name":"(anonymous_6)","decl":{"start":{"line":93,"column":33},"end":{"line":93,"column":34}},"loc":{"start":{"line":93,"column":39},"end":{"line":93,"column":52}},"line":93},"7":{"name":"(anonymous_7)","decl":{"start":{"line":94,"column":33},"end":{"line":94,"column":34}},"loc":{"start":{"line":94,"column":39},"end":{"line":94,"column":61}},"line":94},"8":{"name":"(anonymous_8)","decl":{"start":{"line":97,"column":33},"end":{"line":97,"column":34}},"loc":{"start":{"line":97,"column":39},"end":{"line":97,"column":60}},"line":97}},"branchMap":{"0":{"loc":{"start":{"line":23,"column":4},"end":{"line":23,"column":55}},"type":"cond-expr","locations":[{"start":{"line":23,"column":23},"end":{"line":23,"column":48}},{"start":{"line":23,"column":51},"end":{"line":23,"column":55}}],"line":23}},"s":{"0":0,"1":0,"2":0,"3":0,"4":0,"5":0,"6":0,"7":0,"8":0,"9":0,"10":0,"11":0,"12":0,"13":0,"14":0,"15":0,"16":0,"17":0,"18":0,"19":0},"f":{"0":0,"1":0,"2":0,"3":0,"4":0,"5":0,"6":0,"7":0,"8":0},"b":{"0":[0,0]}}
,"/Users/scottkang/Desktop/vandymarketplace/vandymarketplace/src/components/HomePage.js": {"path":"/Users/scottkang/Desktop/vandymarketplace/vandymarketplace/src/components/HomePage.js","statementMap":{"0":{"start":{"line":12,"column":19},"end":{"line":12,"column":32}},"1":{"start":{"line":15,"column":40},"end":{"line":15,"column":52}},"2":{"start":{"line":16,"column":44},"end":{"line":16,"column":56}},"3":{"start":{"line":17,"column":40},"end":{"line":17,"column":52}},"4":{"start":{"line":20,"column":23},"end":{"line":22,"column":3}},"5":{"start":{"line":21,"column":4},"end":{"line":21,"column":26}},"6":{"start":{"line":24,"column":28},"end":{"line":26,"column":3}},"7":{"start":{"line":25,"column":4},"end":{"line":25,"column":34}},"8":{"start":{"line":28,"column":24},"end":{"line":30,"column":3}},"9":{"start":{"line":29,"column":4},"end":{"line":29,"column":30}},"10":{"start":{"line":33,"column":2},"end":{"line":56,"column":17}},"11":{"start":{"line":35,"column":4},"end":{"line":55,"column":7}},"12":{"start":{"line":36,"column":6},"end":{"line":54,"column":7}},"13":{"start":{"line":37,"column":8},"end":{"line":49,"column":9}},"14":{"start":{"line":38,"column":28},"end":{"line":38,"column":38}},"15":{"start":{"line":39,"column":28},"end":{"line":39,"column":59}},"16":{"start":{"line":40,"column":26},"end":{"line":40,"column":49}},"17":{"start":{"line":42,"column":10},"end":{"line":44,"column":11}},"18":{"start":{"line":43,"column":12},"end":{"line":43,"column":54}},"19":{"start":{"line":47,"column":10},"end":{"line":47,"column":34}},"20":{"start":{"line":48,"column":10},"end":{"line":48,"column":30}},"21":{"start":{"line":51,"column":8},"end":{"line":51,"column":52}},"22":{"start":{"line":58,"column":2},"end":{"line":74,"column":4}}},"fnMap":{"0":{"name":"HomePage","decl":{"start":{"line":11,"column":24},"end":{"line":11,"column":32}},"loc":{"start":{"line":11,"column":35},"end":{"line":75,"column":1}},"line":11},"1":{"name":"(anonymous_1)","decl":{"start":{"line":20,"column":23},"end":{"line":20,"column":24}},"loc":{"start":{"line":20,"column":34},"end":{"line":22,"column":3}},"line":20},"2":{"name":"(anonymous_2)","decl":{"start":{"line":24,"column":28},"end":{"line":24,"column":29}},"loc":{"start":{"line":24,"column":45},"end":{"line":26,"column":3}},"line":24},"3":{"name":"(anonymous_3)","decl":{"start":{"line":28,"column":24},"end":{"line":28,"column":25}},"loc":{"start":{"line":28,"column":39},"end":{"line":30,"column":3}},"line":28},"4":{"name":"(anonymous_4)","decl":{"start":{"line":33,"column":12},"end":{"line":33,"column":13}},"loc":{"start":{"line":33,"column":18},"end":{"line":56,"column":3}},"line":33},"5":{"name":"(anonymous_5)","decl":{"start":{"line":35,"column":29},"end":{"line":35,"column":30}},"loc":{"start":{"line":35,"column":45},"end":{"line":55,"column":5}},"line":35}},"branchMap":{"0":{"loc":{"start":{"line":37,"column":8},"end":{"line":49,"column":9}},"type":"if","locations":[{"start":{"line":37,"column":8},"end":{"line":49,"column":9}},{"start":{"line":46,"column":15},"end":{"line":49,"column":9}}],"line":37},"1":{"loc":{"start":{"line":42,"column":10},"end":{"line":44,"column":11}},"type":"if","locations":[{"start":{"line":42,"column":10},"end":{"line":44,"column":11}},{"start":{},"end":{}}],"line":42}},"s":{"0":0,"1":0,"2":0,"3":0,"4":0,"5":0,"6":0,"7":0,"8":0,"9":0,"10":0,"11":0,"12":0,"13":0,"14":0,"15":0,"16":0,"17":0,"18":0,"19":0,"20":0,"21":0,"22":0},"f":{"0":0,"1":0,"2":0,"3":0,"4":0,"5":0},"b":{"0":[0,0],"1":[0,0]}}
,"/Users/scottkang/Desktop/vandymarketplace/vandymarketplace/src/components/ImageGallery.js": {"path":"/Users/scottkang/Desktop/vandymarketplace/vandymarketplace/src/components/ImageGallery.js","statementMap":{"0":{"start":{"line":13,"column":21},"end":{"line":128,"column":1}},"1":{"start":{"line":15,"column":36},"end":{"line":15,"column":48}},"2":{"start":{"line":16,"column":32},"end":{"line":16,"column":47}},"3":{"start":{"line":17,"column":40},"end":{"line":17,"column":55}},"4":{"start":{"line":18,"column":42},"end":{"line":18,"column":56}},"5":{"start":{"line":19,"column":36},"end":{"line":19,"column":48}},"6":{"start":{"line":21,"column":19},"end":{"line":27,"column":3}},"7":{"start":{"line":29,"column":2},"end":{"line":67,"column":83}},"8":{"start":{"line":32,"column":6},"end":{"line":32,"column":23}},"9":{"start":{"line":33,"column":18},"end":{"line":33,"column":20}},"10":{"start":{"line":34,"column":6},"end":{"line":36,"column":7}},"11":{"start":{"line":35,"column":8},"end":{"line":35,"column":39}},"12":{"start":{"line":37,"column":6},"end":{"line":61,"column":7}},"13":{"start":{"line":38,"column":34},"end":{"line":38,"column":103}},"14":{"start":{"line":39,"column":8},"end":{"line":39,"column":40}},"15":{"start":{"line":40,"column":22},"end":{"line":40,"column":71}},"16":{"start":{"line":40,"column":30},"end":{"line":40,"column":71}},"17":{"start":{"line":40,"column":51},"end":{"line":40,"column":70}},"18":{"start":{"line":41,"column":8},"end":{"line":41,"column":26}},"19":{"start":{"line":43,"column":8},"end":{"line":60,"column":9}},"20":{"start":{"line":46,"column":10},"end":{"line":51,"column":12}},"21":{"start":{"line":53,"column":10},"end":{"line":53,"column":31}},"22":{"start":{"line":54,"column":23},"end":{"line":54,"column":39}},"23":{"start":{"line":55,"column":10},"end":{"line":57,"column":11}},"24":{"start":{"line":56,"column":12},"end":{"line":56,"column":37}},"25":{"start":{"line":59,"column":10},"end":{"line":59,"column":55}},"26":{"start":{"line":62,"column":20},"end":{"line":62,"column":69}},"27":{"start":{"line":62,"column":28},"end":{"line":62,"column":69}},"28":{"start":{"line":62,"column":49},"end":{"line":62,"column":68}},"29":{"start":{"line":63,"column":6},"end":{"line":63,"column":24}},"30":{"start":{"line":64,"column":6},"end":{"line":64,"column":24}},"31":{"start":{"line":66,"column":4},"end":{"line":66,"column":11}},"32":{"start":{"line":70,"column":20},"end":{"line":73,"column":3}},"33":{"start":{"line":71,"column":4},"end":{"line":71,"column":25}},"34":{"start":{"line":72,"column":4},"end":{"line":72,"column":26}},"35":{"start":{"line":76,"column":21},"end":{"line":79,"column":3}},"36":{"start":{"line":77,"column":4},"end":{"line":77,"column":26}},"37":{"start":{"line":78,"column":4},"end":{"line":78,"column":26}},"38":{"start":{"line":81,"column":2},"end":{"line":127,"column":4}},"39":{"start":{"line":102,"column":14},"end":{"line":107,"column":16}}},"fnMap":{"0":{"name":"(anonymous_0)","decl":{"start":{"line":13,"column":21},"end":{"line":13,"column":22}},"loc":{"start":{"line":13,"column":105},"end":{"line":128,"column":1}},"line":13},"1":{"name":"(anonymous_1)","decl":{"start":{"line":29,"column":12},"end":{"line":29,"column":13}},"loc":{"start":{"line":29,"column":18},"end":{"line":67,"column":3}},"line":29},"2":{"name":"load","decl":{"start":{"line":31,"column":19},"end":{"line":31,"column":23}},"loc":{"start":{"line":31,"column":26},"end":{"line":65,"column":5}},"line":31},"3":{"name":"(anonymous_3)","decl":{"start":{"line":40,"column":22},"end":{"line":40,"column":23}},"loc":{"start":{"line":40,"column":30},"end":{"line":40,"column":71}},"line":40},"4":{"name":"(anonymous_4)","decl":{"start":{"line":40,"column":42},"end":{"line":40,"column":43}},"loc":{"start":{"line":40,"column":51},"end":{"line":40,"column":70}},"line":40},"5":{"name":"(anonymous_5)","decl":{"start":{"line":62,"column":20},"end":{"line":62,"column":21}},"loc":{"start":{"line":62,"column":28},"end":{"line":62,"column":69}},"line":62},"6":{"name":"(anonymous_6)","decl":{"start":{"line":62,"column":40},"end":{"line":62,"column":41}},"loc":{"start":{"line":62,"column":49},"end":{"line":62,"column":68}},"line":62},"7":{"name":"(anonymous_7)","decl":{"start":{"line":70,"column":20},"end":{"line":70,"column":21}},"loc":{"start":{"line":70,"column":30},"end":{"line":73,"column":3}},"line":70},"8":{"name":"(anonymous_8)","decl":{"start":{"line":76,"column":21},"end":{"line":76,"column":22}},"loc":{"start":{"line":76,"column":27},"end":{"line":79,"column":3}},"line":76},"9":{"name":"(anonymous_9)","decl":{"start":{"line":101,"column":27},"end":{"line":101,"column":28}},"loc":{"start":{"line":102,"column":14},"end":{"line":107,"column":16}},"line":102}},"branchMap":{"0":{"loc":{"start":{"line":34,"column":6},"end":{"line":36,"column":7}},"type":"if","locations":[{"start":{"line":34,"column":6},"end":{"line":36,"column":7}},{"start":{},"end":{}}],"line":34},"1":{"loc":{"start":{"line":37,"column":6},"end":{"line":61,"column":7}},"type":"if","locations":[{"start":{"line":37,"column":6},"end":{"line":61,"column":7}},{"start":{"line":42,"column":13},"end":{"line":61,"column":7}}],"line":37},"2":{"loc":{"start":{"line":55,"column":10},"end":{"line":57,"column":11}},"type":"if","locations":[{"start":{"line":55,"column":10},"end":{"line":57,"column":11}},{"start":{},"end":{}}],"line":55},"3":{"loc":{"start":{"line":55,"column":14},"end":{"line":55,"column":32}},"type":"binary-expr","locations":[{"start":{"line":55,"column":14},"end":{"line":55,"column":18}},{"start":{"line":55,"column":22},"end":{"line":55,"column":32}}],"line":55},"4":{"loc":{"start":{"line":83,"column":7},"end":{"line":115,"column":7}},"type":"cond-expr","locations":[{"start":{"line":84,"column":8},"end":{"line":110,"column":11}},{"start":{"line":111,"column":10},"end":{"line":115,"column":7}}],"line":83},"5":{"loc":{"start":{"line":86,"column":13},"end":{"line":90,"column":32}},"type":"cond-expr","locations":[{"start":{"line":87,"column":16},"end":{"line":87,"column":36}},{"start":{"line":88,"column":16},"end":{"line":90,"column":32}}],"line":86},"6":{"loc":{"start":{"line":88,"column":16},"end":{"line":90,"column":32}},"type":"cond-expr","locations":[{"start":{"line":89,"column":16},"end":{"line":89,"column":35}},{"start":{"line":90,"column":16},"end":{"line":90,"column":32}}],"line":88},"7":{"loc":{"start":{"line":111,"column":10},"end":{"line":115,"column":7}},"type":"cond-expr","locations":[{"start":{"line":112,"column":8},"end":{"line":112,"column":32}},{"start":{"line":114,"column":8},"end":{"line":114,"column":35}}],"line":111},"8":{"loc":{"start":{"line":116,"column":7},"end":{"line":125,"column":7}},"type":"binary-expr","locations":[{"start":{"line":116,"column":7},"end":{"line":116,"column":19}},{"start":{"line":117,"column":8},"end":{"line":124,"column":10}}],"line":116}},"s":{"0":0,"1":0,"2":0,"3":0,"4":0,"5":0,"6":0,"7":0,"8":0,"9":0,"10":0,"11":0,"12":0,"13":0,"14":0,"15":0,"16":0,"17":0,"18":0,"19":0,"20":0,"21":0,"22":0,"23":0,"24":0,"25":0,"26":0,"27":0,"28":0,"29":0,"30":0,"31":0,"32":0,"33":0,"34":0,"35":0,"36":0,"37":0,"38":0,"39":0},"f":{"0":0,"1":0,"2":0,"3":0,"4":0,"5":0,"6":0,"7":0,"8":0,"9":0},"b":{"0":[0,0],"1":[0,0],"2":[0,0],"3":[0,0],"4":[0,0],"5":[0,0],"6":[0,0],"7":[0,0],"8":[0,0]}}
,"/Users/scottkang/Desktop/vandymarketplace/vandymarketplace/src/components/ItemCard.js": {"path":"/Users/scottkang/Desktop/vandymarketplace/vandymarketplace/src/components/ItemCard.js","statementMap":{"0":{"start":{"line":19,"column":17},"end":{"line":144,"column":1}},"1":{"start":{"line":20,"column":2},"end":{"line":20,"column":28}},"2":{"start":{"line":21,"column":28},"end":{"line":21,"column":43}},"3":{"start":{"line":22,"column":38},"end":{"line":22,"column":68}},"4":{"start":{"line":24,"column":2},"end":{"line":42,"column":16}},"5":{"start":{"line":25,"column":29},"end":{"line":39,"column":5}},"6":{"start":{"line":26,"column":6},"end":{"line":38,"column":7}},"7":{"start":{"line":27,"column":23},"end":{"line":27,"column":40}},"8":{"start":{"line":28,"column":24},"end":{"line":28,"column":48}},"9":{"start":{"line":29,"column":25},"end":{"line":29,"column":46}},"10":{"start":{"line":30,"column":8},"end":{"line":35,"column":9}},"11":{"start":{"line":31,"column":33},"end":{"line":31,"column":65}},"12":{"start":{"line":32,"column":10},"end":{"line":34,"column":12}},"13":{"start":{"line":33,"column":47},"end":{"line":33,"column":75}},"14":{"start":{"line":37,"column":8},"end":{"line":37,"column":23}},"15":{"start":{"line":41,"column":4},"end":{"line":41,"column":23}},"16":{"start":{"line":45,"column":27},"end":{"line":57,"column":3}},"17":{"start":{"line":46,"column":19},"end":{"line":46,"column":36}},"18":{"start":{"line":48,"column":4},"end":{"line":56,"column":5}},"19":{"start":{"line":49,"column":6},"end":{"line":49,"column":55}},"20":{"start":{"line":50,"column":6},"end":{"line":50,"column":22}},"21":{"start":{"line":51,"column":6},"end":{"line":51,"column":50}},"22":{"start":{"line":51,"column":35},"end":{"line":51,"column":48}},"23":{"start":{"line":53,"column":6},"end":{"line":53,"column":53}},"24":{"start":{"line":54,"column":6},"end":{"line":54,"column":21}},"25":{"start":{"line":55,"column":6},"end":{"line":55,"column":50}},"26":{"start":{"line":55,"column":35},"end":{"line":55,"column":48}},"27":{"start":{"line":59,"column":2},"end":{"line":143,"column":4}},"28":{"start":{"line":134,"column":33},"end":{"line":134,"column":48}}},"fnMap":{"0":{"name":"(anonymous_0)","decl":{"start":{"line":19,"column":17},"end":{"line":19,"column":18}},"loc":{"start":{"line":19,"column":51},"end":{"line":144,"column":1}},"line":19},"1":{"name":"(anonymous_1)","decl":{"start":{"line":24,"column":12},"end":{"line":24,"column":13}},"loc":{"start":{"line":24,"column":18},"end":{"line":42,"column":3}},"line":24},"2":{"name":"(anonymous_2)","decl":{"start":{"line":25,"column":29},"end":{"line":25,"column":30}},"loc":{"start":{"line":25,"column":41},"end":{"line":39,"column":5}},"line":25},"3":{"name":"(anonymous_3)","decl":{"start":{"line":33,"column":32},"end":{"line":33,"column":33}},"loc":{"start":{"line":33,"column":47},"end":{"line":33,"column":75}},"line":33},"4":{"name":"(anonymous_4)","decl":{"start":{"line":45,"column":27},"end":{"line":45,"column":28}},"loc":{"start":{"line":45,"column":39},"end":{"line":57,"column":3}},"line":45},"5":{"name":"(anonymous_5)","decl":{"start":{"line":51,"column":20},"end":{"line":51,"column":21}},"loc":{"start":{"line":51,"column":35},"end":{"line":51,"column":48}},"line":51},"6":{"name":"(anonymous_6)","decl":{"start":{"line":55,"column":20},"end":{"line":55,"column":21}},"loc":{"start":{"line":55,"column":35},"end":{"line":55,"column":48}},"line":55},"7":{"name":"(anonymous_7)","decl":{"start":{"line":134,"column":27},"end":{"line":134,"column":28}},"loc":{"start":{"line":134,"column":33},"end":{"line":134,"column":48}},"line":134}},"branchMap":{"0":{"loc":{"start":{"line":22,"column":47},"end":{"line":22,"column":67}},"type":"binary-expr","locations":[{"start":{"line":22,"column":47},"end":{"line":22,"column":62}},{"start":{"line":22,"column":66},"end":{"line":22,"column":67}}],"line":22},"1":{"loc":{"start":{"line":30,"column":8},"end":{"line":35,"column":9}},"type":"if","locations":[{"start":{"line":30,"column":8},"end":{"line":35,"column":9}},{"start":{},"end":{}}],"line":30},"2":{"loc":{"start":{"line":31,"column":33},"end":{"line":31,"column":65}},"type":"binary-expr","locations":[{"start":{"line":31,"column":33},"end":{"line":31,"column":59}},{"start":{"line":31,"column":63},"end":{"line":31,"column":65}}],"line":31},"3":{"loc":{"start":{"line":48,"column":4},"end":{"line":56,"column":5}},"type":"if","locations":[{"start":{"line":48,"column":4},"end":{"line":56,"column":5}},{"start":{"line":52,"column":11},"end":{"line":56,"column":5}}],"line":48},"4":{"loc":{"start":{"line":85,"column":11},"end":{"line":111,"column":11}},"type":"binary-expr","locations":[{"start":{"line":85,"column":11},"end":{"line":85,"column":19}},{"start":{"line":86,"column":12},"end":{"line":110,"column":22}}],"line":85},"5":{"loc":{"start":{"line":87,"column":21},"end":{"line":87,"column":73}},"type":"cond-expr","locations":[{"start":{"line":87,"column":29},"end":{"line":87,"column":52}},{"start":{"line":87,"column":55},"end":{"line":87,"column":73}}],"line":87},"6":{"loc":{"start":{"line":101,"column":22},"end":{"line":101,"column":58}},"type":"cond-expr","locations":[{"start":{"line":101,"column":30},"end":{"line":101,"column":41}},{"start":{"line":101,"column":44},"end":{"line":101,"column":58}}],"line":101},"7":{"loc":{"start":{"line":105,"column":25},"end":{"line":105,"column":39}},"type":"binary-expr","locations":[{"start":{"line":105,"column":25},"end":{"line":105,"column":30}},{"start":{"line":105,"column":34},"end":{"line":105,"column":39}}],"line":105},"8":{"loc":{"start":{"line":121,"column":11},"end":{"line":139,"column":11}},"type":"binary-expr","locations":[{"start":{"line":121,"column":11},"end":{"line":121,"column":19}},{"start":{"line":122,"column":12},"end":{"line":138,"column":22}}],"line":121}},"s":{"0":0,"1":0,"2":0,"3":0,"4":0,"5":0,"6":0,"7":0,"8":0,"9":0,"10":0,"11":0,"12":0,"13":0,"14":0,"15":0,"16":0,"17":0,"18":0,"19":0,"20":0,"21":0,"22":0,"23":0,"24":0,"25":0,"26":0,"27":0,"28":0},"f":{"0":0,"1":0,"2":0,"3":0,"4":0,"5":0,"6":0,"7":0},"b":{"0":[0,0],"1":[0,0],"2":[0,0],"3":[0,0],"4":[0,0],"5":[0,0],"6":[0,0],"7":[0,0],"8":[0,0]}}
,"/Users/scottkang/Desktop/vandymarketplace/vandymarketplace/src/components/LogInPage.js": {"path":"/Users/scottkang/Desktop/vandymarketplace/vandymarketplace/src/components/LogInPage.js","statementMap":{"0":{"start":{"line":15,"column":19},"end":{"line":15,"column":32}},"1":{"start":{"line":17,"column":17},"end":{"line":25,"column":3}},"2":{"start":{"line":18,"column":4},"end":{"line":24,"column":9}},"3":{"start":{"line":20,"column":8},"end":{"line":20,"column":48}},"4":{"start":{"line":23,"column":8},"end":{"line":23,"column":34}},"5":{"start":{"line":27,"column":22},"end":{"line":75,"column":3}},"6":{"start":{"line":28,"column":21},"end":{"line":28,"column":45}},"7":{"start":{"line":30,"column":4},"end":{"line":45,"column":9}},"8":{"start":{"line":36,"column":21},"end":{"line":36,"column":32}},"9":{"start":{"line":39,"column":8},"end":{"line":41,"column":9}},"10":{"start":{"line":40,"column":10},"end":{"line":40,"column":19}},"11":{"start":{"line":47,"column":4},"end":{"line":74,"column":7}},"12":{"start":{"line":48,"column":6},"end":{"line":72,"column":7}},"13":{"start":{"line":49,"column":8},"end":{"line":49,"column":36}},"14":{"start":{"line":50,"column":26},"end":{"line":50,"column":36}},"15":{"start":{"line":51,"column":26},"end":{"line":51,"column":57}},"16":{"start":{"line":52,"column":22},"end":{"line":52,"column":45}},"17":{"start":{"line":54,"column":8},"end":{"line":62,"column":9}},"18":{"start":{"line":55,"column":22},"end":{"line":55,"column":70}},"19":{"start":{"line":56,"column":10},"end":{"line":56,"column":51}},"20":{"start":{"line":57,"column":10},"end":{"line":59,"column":13}},"21":{"start":{"line":61,"column":10},"end":{"line":61,"column":44}},"22":{"start":{"line":63,"column":17},"end":{"line":63,"column":38}},"23":{"start":{"line":64,"column":28},"end":{"line":64,"column":48}},"24":{"start":{"line":65,"column":29},"end":{"line":65,"column":54}},"25":{"start":{"line":67,"column":8},"end":{"line":71,"column":9}},"26":{"start":{"line":68,"column":10},"end":{"line":70,"column":13}},"27":{"start":{"line":73,"column":6},"end":{"line":73,"column":20}},"28":{"start":{"line":77,"column":2},"end":{"line":127,"column":4}}},"fnMap":{"0":{"name":"LogInPage","decl":{"start":{"line":14,"column":24},"end":{"line":14,"column":33}},"loc":{"start":{"line":14,"column":36},"end":{"line":128,"column":1}},"line":14},"1":{"name":"(anonymous_1)","decl":{"start":{"line":17,"column":17},"end":{"line":17,"column":18}},"loc":{"start":{"line":17,"column":23},"end":{"line":25,"column":3}},"line":17},"2":{"name":"(anonymous_2)","decl":{"start":{"line":19,"column":12},"end":{"line":19,"column":13}},"loc":{"start":{"line":19,"column":18},"end":{"line":21,"column":7}},"line":19},"3":{"name":"(anonymous_3)","decl":{"start":{"line":22,"column":13},"end":{"line":22,"column":14}},"loc":{"start":{"line":22,"column":24},"end":{"line":24,"column":7}},"line":22},"4":{"name":"(anonymous_4)","decl":{"start":{"line":27,"column":22},"end":{"line":27,"column":23}},"loc":{"start":{"line":27,"column":34},"end":{"line":75,"column":3}},"line":27},"5":{"name":"(anonymous_5)","decl":{"start":{"line":31,"column":12},"end":{"line":31,"column":13}},"loc":{"start":{"line":31,"column":24},"end":{"line":42,"column":7}},"line":31},"6":{"name":"(anonymous_6)","decl":{"start":{"line":43,"column":13},"end":{"line":43,"column":14}},"loc":{"start":{"line":43,"column":24},"end":{"line":45,"column":7}},"line":43},"7":{"name":"(anonymous_7)","decl":{"start":{"line":47,"column":29},"end":{"line":47,"column":30}},"loc":{"start":{"line":47,"column":45},"end":{"line":74,"column":5}},"line":47}},"branchMap":{"0":{"loc":{"start":{"line":39,"column":8},"end":{"line":41,"column":9}},"type":"if","locations":[{"start":{"line":39,"column":8},"end":{"line":41,"column":9}},{"start":{},"end":{}}],"line":39},"1":{"loc":{"start":{"line":48,"column":6},"end":{"line":72,"column":7}},"type":"if","locations":[{"start":{"line":48,"column":6},"end":{"line":72,"column":7}},{"start":{},"end":{}}],"line":48},"2":{"loc":{"start":{"line":48,"column":10},"end":{"line":48,"column":56}},"type":"binary-expr","locations":[{"start":{"line":48,"column":10},"end":{"line":48,"column":14}},{"start":{"line":48,"column":18},"end":{"line":48,"column":56}}],"line":48},"3":{"loc":{"start":{"line":54,"column":8},"end":{"line":62,"column":9}},"type":"if","locations":[{"start":{"line":54,"column":8},"end":{"line":62,"column":9}},{"start":{},"end":{}}],"line":54},"4":{"loc":{"start":{"line":67,"column":8},"end":{"line":71,"column":9}},"type":"if","locations":[{"start":{"line":67,"column":8},"end":{"line":71,"column":9}},{"start":{},"end":{}}],"line":67}},"s":{"0":2,"1":2,"2":1,"3":0,"4":0,"5":2,"6":2,"7":2,"8":2,"9":2,"10":1,"11":2,"12":0,"13":0,"14":0,"15":0,"16":0,"17":0,"18":0,"19":0,"20":0,"21":0,"22":0,"23":0,"24":0,"25":0,"26":0,"27":0,"28":2},"f":{"0":2,"1":1,"2":0,"3":0,"4":2,"5":2,"6":1,"7":0},"b":{"0":[1,1],"1":[0,0],"2":[0,0],"3":[0,0],"4":[0,0]},"_coverageSchema":"1a1c01bbd47fc00a2c39e90264f33305004495a9","hash":"d3f36e4becdb4e11dccf7218e1013bea8c9e178b"}
,"/Users/scottkang/Desktop/vandymarketplace/vandymarketplace/src/components/MyItems.js": {"path":"/Users/scottkang/Desktop/vandymarketplace/vandymarketplace/src/components/MyItems.js","statementMap":{"0":{"start":{"line":8,"column":42},"end":{"line":8,"column":54}},"1":{"start":{"line":9,"column":46},"end":{"line":9,"column":58}},"2":{"start":{"line":10,"column":42},"end":{"line":10,"column":54}},"3":{"start":{"line":13,"column":25},"end":{"line":15,"column":5}},"4":{"start":{"line":14,"column":6},"end":{"line":14,"column":28}},"5":{"start":{"line":17,"column":30},"end":{"line":19,"column":5}},"6":{"start":{"line":18,"column":6},"end":{"line":18,"column":36}},"7":{"start":{"line":21,"column":26},"end":{"line":23,"column":5}},"8":{"start":{"line":22,"column":6},"end":{"line":22,"column":32}},"9":{"start":{"line":25,"column":4},"end":{"line":39,"column":6}}},"fnMap":{"0":{"name":"MyItems","decl":{"start":{"line":6,"column":24},"end":{"line":6,"column":31}},"loc":{"start":{"line":6,"column":34},"end":{"line":40,"column":3}},"line":6},"1":{"name":"(anonymous_1)","decl":{"start":{"line":13,"column":25},"end":{"line":13,"column":26}},"loc":{"start":{"line":13,"column":36},"end":{"line":15,"column":5}},"line":13},"2":{"name":"(anonymous_2)","decl":{"start":{"line":17,"column":30},"end":{"line":17,"column":31}},"loc":{"start":{"line":17,"column":47},"end":{"line":19,"column":5}},"line":17},"3":{"name":"(anonymous_3)","decl":{"start":{"line":21,"column":26},"end":{"line":21,"column":27}},"loc":{"start":{"line":21,"column":41},"end":{"line":23,"column":5}},"line":21}},"branchMap":{},"s":{"0":0,"1":0,"2":0,"3":0,"4":0,"5":0,"6":0,"7":0,"8":0,"9":0},"f":{"0":0,"1":0,"2":0,"3":0},"b":{}}
,"/Users/scottkang/Desktop/vandymarketplace/vandymarketplace/src/components/SellItemForm.js": {"path":"/Users/scottkang/Desktop/vandymarketplace/vandymarketplace/src/components/SellItemForm.js","statementMap":{"0":{"start":{"line":47,"column":29},"end":{"line":47,"column":75}},"1":{"start":{"line":48,"column":21},"end":{"line":48,"column":31}},"2":{"start":{"line":49,"column":2},"end":{"line":49,"column":49}},"3":{"start":{"line":50,"column":30},"end":{"line":50,"column":60}},"4":{"start":{"line":51,"column":25},"end":{"line":54,"column":3}},"5":{"start":{"line":56,"column":2},"end":{"line":63,"column":3}},"6":{"start":{"line":57,"column":26},"end":{"line":57,"column":55}},"7":{"start":{"line":58,"column":27},"end":{"line":58,"column":45}},"8":{"start":{"line":59,"column":4},"end":{"line":59,"column":31}},"9":{"start":{"line":61,"column":4},"end":{"line":61,"column":55}},"10":{"start":{"line":62,"column":4},"end":{"line":62,"column":17}},"11":{"start":{"line":67,"column":19},"end":{"line":67,"column":32}},"12":{"start":{"line":69,"column":50},"end":{"line":69,"column":65}},"13":{"start":{"line":70,"column":28},"end":{"line":70,"column":42}},"14":{"start":{"line":71,"column":40},"end":{"line":71,"column":52}},"15":{"start":{"line":73,"column":34},"end":{"line":81,"column":4}},"16":{"start":{"line":83,"column":2},"end":{"line":91,"column":9}},"17":{"start":{"line":84,"column":17},"end":{"line":84,"column":33}},"18":{"start":{"line":85,"column":4},"end":{"line":90,"column":5}},"19":{"start":{"line":86,"column":6},"end":{"line":89,"column":10}},"20":{"start":{"line":86,"column":33},"end":{"line":89,"column":7}},"21":{"start":{"line":93,"column":23},"end":{"line":99,"column":3}},"22":{"start":{"line":94,"column":28},"end":{"line":94,"column":36}},"23":{"start":{"line":95,"column":4},"end":{"line":98,"column":7}},"24":{"start":{"line":101,"column":28},"end":{"line":109,"column":3}},"25":{"start":{"line":102,"column":18},"end":{"line":102,"column":32}},"26":{"start":{"line":103,"column":4},"end":{"line":108,"column":5}},"27":{"start":{"line":104,"column":6},"end":{"line":107,"column":9}},"28":{"start":{"line":111,"column":17},"end":{"line":121,"column":3}},"29":{"start":{"line":112,"column":4},"end":{"line":119,"column":5}},"30":{"start":{"line":113,"column":6},"end":{"line":113,"column":47}},"31":{"start":{"line":114,"column":6},"end":{"line":117,"column":9}},"32":{"start":{"line":118,"column":6},"end":{"line":118,"column":25}},"33":{"start":{"line":120,"column":4},"end":{"line":120,"column":48}},"34":{"start":{"line":123,"column":20},"end":{"line":129,"column":3}},"35":{"start":{"line":124,"column":24},"end":{"line":124,"column":74}},"36":{"start":{"line":124,"column":54},"end":{"line":124,"column":73}},"37":{"start":{"line":125,"column":4},"end":{"line":128,"column":7}},"38":{"start":{"line":131,"column":23},"end":{"line":156,"column":3}},"39":{"start":{"line":132,"column":4},"end":{"line":132,"column":38}},"40":{"start":{"line":133,"column":4},"end":{"line":133,"column":23}},"41":{"start":{"line":135,"column":25},"end":{"line":135,"column":72}},"42":{"start":{"line":136,"column":4},"end":{"line":136,"column":33}},"43":{"start":{"line":137,"column":4},"end":{"line":154,"column":5}},"44":{"start":{"line":138,"column":19},"end":{"line":138,"column":36}},"45":{"start":{"line":139,"column":27},"end":{"line":139,"column":65}},"46":{"start":{"line":141,"column":6},"end":{"line":147,"column":7}},"47":{"start":{"line":142,"column":8},"end":{"line":144,"column":10}},"48":{"start":{"line":145,"column":8},"end":{"line":145,"column":34}},"49":{"start":{"line":146,"column":8},"end":{"line":146,"column":15}},"50":{"start":{"line":148,"column":6},"end":{"line":148,"column":45}},"51":{"start":{"line":149,"column":6},"end":{"line":149,"column":20}},"52":{"start":{"line":151,"column":6},"end":{"line":151,"column":27}},"53":{"start":{"line":153,"column":6},"end":{"line":153,"column":36}},"54":{"start":{"line":155,"column":4},"end":{"line":155,"column":25}},"55":{"start":{"line":158,"column":2},"end":{"line":340,"column":4}},"56":{"start":{"line":161,"column":23},"end":{"line":161,"column":36}},"57":{"start":{"line":243,"column":20},"end":{"line":246,"column":23}},"58":{"start":{"line":269,"column":31},"end":{"line":269,"column":61}},"59":{"start":{"line":297,"column":16},"end":{"line":302,"column":27}},"60":{"start":{"line":300,"column":51},"end":{"line":300,"column":65}},"61":{"start":{"line":327,"column":23},"end":{"line":327,"column":49}}},"fnMap":{"0":{"name":"rateLimitFormSubmissions","decl":{"start":{"line":46,"column":22},"end":{"line":46,"column":46}},"loc":{"start":{"line":46,"column":55},"end":{"line":64,"column":1}},"line":46},"1":{"name":"SellItemForm","decl":{"start":{"line":66,"column":9},"end":{"line":66,"column":21}},"loc":{"start":{"line":66,"column":24},"end":{"line":341,"column":1}},"line":66},"2":{"name":"(anonymous_2)","decl":{"start":{"line":83,"column":12},"end":{"line":83,"column":13}},"loc":{"start":{"line":83,"column":18},"end":{"line":91,"column":3}},"line":83},"3":{"name":"(anonymous_3)","decl":{"start":{"line":86,"column":18},"end":{"line":86,"column":19}},"loc":{"start":{"line":86,"column":33},"end":{"line":89,"column":7}},"line":86},"4":{"name":"(anonymous_4)","decl":{"start":{"line":93,"column":23},"end":{"line":93,"column":24}},"loc":{"start":{"line":93,"column":30},"end":{"line":99,"column":3}},"line":93},"5":{"name":"(anonymous_5)","decl":{"start":{"line":101,"column":28},"end":{"line":101,"column":29}},"loc":{"start":{"line":101,"column":35},"end":{"line":109,"column":3}},"line":101},"6":{"name":"(anonymous_6)","decl":{"start":{"line":111,"column":17},"end":{"line":111,"column":18}},"loc":{"start":{"line":111,"column":23},"end":{"line":121,"column":3}},"line":111},"7":{"name":"(anonymous_7)","decl":{"start":{"line":123,"column":20},"end":{"line":123,"column":21}},"loc":{"start":{"line":123,"column":37},"end":{"line":129,"column":3}},"line":123},"8":{"name":"(anonymous_8)","decl":{"start":{"line":124,"column":45},"end":{"line":124,"column":46}},"loc":{"start":{"line":124,"column":54},"end":{"line":124,"column":73}},"line":124},"9":{"name":"(anonymous_9)","decl":{"start":{"line":131,"column":23},"end":{"line":131,"column":24}},"loc":{"start":{"line":131,"column":36},"end":{"line":156,"column":3}},"line":131},"10":{"name":"(anonymous_10)","decl":{"start":{"line":161,"column":17},"end":{"line":161,"column":18}},"loc":{"start":{"line":161,"column":23},"end":{"line":161,"column":36}},"line":161},"11":{"name":"(anonymous_11)","decl":{"start":{"line":242,"column":27},"end":{"line":242,"column":28}},"loc":{"start":{"line":242,"column":33},"end":{"line":247,"column":19}},"line":242},"12":{"name":"(anonymous_12)","decl":{"start":{"line":269,"column":24},"end":{"line":269,"column":25}},"loc":{"start":{"line":269,"column":31},"end":{"line":269,"column":61}},"line":269},"13":{"name":"(anonymous_13)","decl":{"start":{"line":296,"column":33},"end":{"line":296,"column":34}},"loc":{"start":{"line":297,"column":16},"end":{"line":302,"column":27}},"line":297},"14":{"name":"(anonymous_14)","decl":{"start":{"line":300,"column":45},"end":{"line":300,"column":46}},"loc":{"start":{"line":300,"column":51},"end":{"line":300,"column":65}},"line":300},"15":{"name":"(anonymous_15)","decl":{"start":{"line":327,"column":17},"end":{"line":327,"column":18}},"loc":{"start":{"line":327,"column":23},"end":{"line":327,"column":49}},"line":327}},"branchMap":{"0":{"loc":{"start":{"line":85,"column":4},"end":{"line":90,"column":5}},"type":"if","locations":[{"start":{"line":85,"column":4},"end":{"line":90,"column":5}},{"start":{},"end":{}}],"line":85},"1":{"loc":{"start":{"line":85,"column":8},"end":{"line":85,"column":26}},"type":"binary-expr","locations":[{"start":{"line":85,"column":8},"end":{"line":85,"column":12}},{"start":{"line":85,"column":16},"end":{"line":85,"column":26}}],"line":85},"2":{"loc":{"start":{"line":103,"column":4},"end":{"line":108,"column":5}},"type":"if","locations":[{"start":{"line":103,"column":4},"end":{"line":108,"column":5}},{"start":{},"end":{}}],"line":103},"3":{"loc":{"start":{"line":112,"column":4},"end":{"line":119,"column":5}},"type":"if","locations":[{"start":{"line":112,"column":4},"end":{"line":119,"column":5}},{"start":{},"end":{}}],"line":112},"4":{"loc":{"start":{"line":112,"column":8},"end":{"line":112,"column":59}},"type":"binary-expr","locations":[{"start":{"line":112,"column":8},"end":{"line":112,"column":19}},{"start":{"line":112,"column":23},"end":{"line":112,"column":59}}],"line":112},"5":{"loc":{"start":{"line":141,"column":6},"end":{"line":147,"column":7}},"type":"if","locations":[{"start":{"line":141,"column":6},"end":{"line":147,"column":7}},{"start":{},"end":{}}],"line":141},"6":{"loc":{"start":{"line":253,"column":13},"end":{"line":260,"column":13}},"type":"binary-expr","locations":[{"start":{"line":253,"column":13},"end":{"line":253,"column":39}},{"start":{"line":254,"column":14},"end":{"line":259,"column":16}}],"line":253},"7":{"loc":{"start":{"line":294,"column":11},"end":{"line":305,"column":11}},"type":"binary-expr","locations":[{"start":{"line":294,"column":11},"end":{"line":294,"column":35}},{"start":{"line":295,"column":12},"end":{"line":304,"column":19}}],"line":294}},"s":{"0":0,"1":0,"2":0,"3":0,"4":0,"5":0,"6":0,"7":0,"8":0,"9":0,"10":0,"11":0,"12":0,"13":0,"14":0,"15":0,"16":0,"17":0,"18":0,"19":0,"20":0,"21":0,"22":0,"23":0,"24":0,"25":0,"26":0,"27":0,"28":0,"29":0,"30":0,"31":0,"32":0,"33":0,"34":0,"35":0,"36":0,"37":0,"38":0,"39":0,"40":0,"41":0,"42":0,"43":0,"44":0,"45":0,"46":0,"47":0,"48":0,"49":0,"50":0,"51":0,"52":0,"53":0,"54":0,"55":0,"56":0,"57":0,"58":0,"59":0,"60":0,"61":0},"f":{"0":0,"1":0,"2":0,"3":0,"4":0,"5":0,"6":0,"7":0,"8":0,"9":0,"10":0,"11":0,"12":0,"13":0,"14":0,"15":0},"b":{"0":[0,0],"1":[0,0],"2":[0,0],"3":[0,0],"4":[0,0],"5":[0,0],"6":[0,0],"7":[0,0]}}
,"/Users/scottkang/Desktop/vandymarketplace/vandymarketplace/src/components/searchbar.js": {"path":"/Users/scottkang/Desktop/vandymarketplace/vandymarketplace/src/components/searchbar.js","statementMap":{"0":{"start":{"line":28,"column":2},"end":{"line":70,"column":4}},"1":{"start":{"line":37,"column":29},"end":{"line":37,"column":53}},"2":{"start":{"line":44,"column":69},"end":{"line":44,"column":98}},"3":{"start":{"line":52,"column":44},"end":{"line":52,"column":71}}},"fnMap":{"0":{"name":"SearchBar","decl":{"start":{"line":27,"column":9},"end":{"line":27,"column":18}},"loc":{"start":{"line":27,"column":102},"end":{"line":71,"column":1}},"line":27},"1":{"name":"(anonymous_1)","decl":{"start":{"line":37,"column":22},"end":{"line":37,"column":23}},"loc":{"start":{"line":37,"column":29},"end":{"line":37,"column":53}},"line":37},"2":{"name":"(anonymous_2)","decl":{"start":{"line":44,"column":62},"end":{"line":44,"column":63}},"loc":{"start":{"line":44,"column":69},"end":{"line":44,"column":98}},"line":44},"3":{"name":"(anonymous_3)","decl":{"start":{"line":52,"column":37},"end":{"line":52,"column":38}},"loc":{"start":{"line":52,"column":44},"end":{"line":52,"column":71}},"line":52}},"branchMap":{},"s":{"0":0,"1":0,"2":0,"3":0},"f":{"0":0,"1":0,"2":0,"3":0},"b":{}}
,"/Users/scottkang/Desktop/vandymarketplace/vandymarketplace/src/firebaseFunctions/dataload.js": {"path":"/Users/scottkang/Desktop/vandymarketplace/vandymarketplace/src/firebaseFunctions/dataload.js","statementMap":{"0":{"start":{"line":6,"column":20},"end":{"line":6,"column":42}},"1":{"start":{"line":7,"column":20},"end":{"line":7,"column":51}},"2":{"start":{"line":8,"column":18},"end":{"line":8,"column":41}},"3":{"start":{"line":9,"column":15},"end":{"line":9,"column":17}},"4":{"start":{"line":10,"column":2},"end":{"line":15,"column":3}},"5":{"start":{"line":11,"column":4},"end":{"line":11,"column":35}},"6":{"start":{"line":12,"column":4},"end":{"line":12,"column":24}},"7":{"start":{"line":14,"column":4},"end":{"line":14,"column":46}},"8":{"start":{"line":16,"column":2},"end":{"line":16,"column":16}},"9":{"start":{"line":20,"column":25},"end":{"line":20,"column":48}},"10":{"start":{"line":21,"column":18},"end":{"line":21,"column":20}},"11":{"start":{"line":22,"column":2},"end":{"line":60,"column":3}},"12":{"start":{"line":23,"column":4},"end":{"line":53,"column":5}},"13":{"start":{"line":24,"column":22},"end":{"line":24,"column":46}},"14":{"start":{"line":25,"column":39},"end":{"line":25,"column":73}},"15":{"start":{"line":26,"column":33},"end":{"line":26,"column":72}},"16":{"start":{"line":28,"column":6},"end":{"line":32,"column":9}},"17":{"start":{"line":29,"column":25},"end":{"line":29,"column":35}},"18":{"start":{"line":30,"column":8},"end":{"line":30,"column":29}},"19":{"start":{"line":31,"column":8},"end":{"line":31,"column":33}},"20":{"start":{"line":34,"column":28},"end":{"line":34,"column":57}},"21":{"start":{"line":35,"column":6},"end":{"line":52,"column":8}},"22":{"start":{"line":37,"column":43},"end":{"line":40,"column":11}},"23":{"start":{"line":43,"column":37},"end":{"line":45,"column":11}},"24":{"start":{"line":46,"column":10},"end":{"line":50,"column":13}},"25":{"start":{"line":47,"column":29},"end":{"line":47,"column":39}},"26":{"start":{"line":48,"column":12},"end":{"line":48,"column":33}},"27":{"start":{"line":49,"column":12},"end":{"line":49,"column":37}},"28":{"start":{"line":55,"column":4},"end":{"line":55,"column":56}},"29":{"start":{"line":55,"column":29},"end":{"line":55,"column":54}},"30":{"start":{"line":56,"column":4},"end":{"line":56,"column":21}},"31":{"start":{"line":58,"column":4},"end":{"line":58,"column":54}},"32":{"start":{"line":59,"column":4},"end":{"line":59,"column":14}},"33":{"start":{"line":65,"column":28},"end":{"line":76,"column":3}},"34":{"start":{"line":67,"column":6},"end":{"line":75,"column":75}},"35":{"start":{"line":77,"column":2},"end":{"line":77,"column":62}},"36":{"start":{"line":77,"column":35},"end":{"line":77,"column":60}},"37":{"start":{"line":78,"column":2},"end":{"line":78,"column":26}},"38":{"start":{"line":83,"column":25},"end":{"line":83,"column":48}},"39":{"start":{"line":84,"column":18},"end":{"line":84,"column":20}},"40":{"start":{"line":86,"column":2},"end":{"line":145,"column":3}},"41":{"start":{"line":87,"column":26},"end":{"line":87,"column":55}},"42":{"start":{"line":89,"column":4},"end":{"line":138,"column":6}},"43":{"start":{"line":91,"column":41},"end":{"line":91,"column":79}},"44":{"start":{"line":94,"column":35},"end":{"line":96,"column":9}},"45":{"start":{"line":98,"column":8},"end":{"line":136,"column":11}},"46":{"start":{"line":101,"column":27},"end":{"line":101,"column":37}},"47":{"start":{"line":102,"column":28},"end":{"line":102,"column":42}},"48":{"start":{"line":103,"column":10},"end":{"line":103,"column":32}},"49":{"start":{"line":105,"column":10},"end":{"line":134,"column":11}},"50":{"start":{"line":112,"column":14},"end":{"line":133,"column":15}},"51":{"start":{"line":114,"column":16},"end":{"line":124,"column":17}},"52":{"start":{"line":121,"column":18},"end":{"line":121,"column":40}},"53":{"start":{"line":122,"column":18},"end":{"line":122,"column":39}},"54":{"start":{"line":123,"column":18},"end":{"line":123,"column":43}},"55":{"start":{"line":125,"column":21},"end":{"line":133,"column":15}},"56":{"start":{"line":131,"column":16},"end":{"line":131,"column":37}},"57":{"start":{"line":132,"column":16},"end":{"line":132,"column":41}},"58":{"start":{"line":139,"column":4},"end":{"line":139,"column":56}},"59":{"start":{"line":139,"column":29},"end":{"line":139,"column":54}},"60":{"start":{"line":141,"column":4},"end":{"line":141,"column":21}},"61":{"start":{"line":143,"column":4},"end":{"line":143,"column":54}},"62":{"start":{"line":144,"column":4},"end":{"line":144,"column":14}},"63":{"start":{"line":149,"column":25},"end":{"line":149,"column":71}},"64":{"start":{"line":151,"column":24},"end":{"line":153,"column":3}},"65":{"start":{"line":156,"column":18},"end":{"line":156,"column":20}},"66":{"start":{"line":158,"column":2},"end":{"line":161,"column":3}},"67":{"start":{"line":159,"column":17},"end":{"line":159,"column":37}},"68":{"start":{"line":160,"column":4},"end":{"line":160,"column":31}},"69":{"start":{"line":163,"column":2},"end":{"line":163,"column":19}}},"fnMap":{"0":{"name":"getUserID","decl":{"start":{"line":5,"column":22},"end":{"line":5,"column":31}},"loc":{"start":{"line":5,"column":34},"end":{"line":17,"column":1}},"line":5},"1":{"name":"AllSellItemsLoader","decl":{"start":{"line":19,"column":22},"end":{"line":19,"column":40}},"loc":{"start":{"line":19,"column":49},"end":{"line":61,"column":1}},"line":19},"2":{"name":"(anonymous_2)","decl":{"start":{"line":28,"column":33},"end":{"line":28,"column":34}},"loc":{"start":{"line":28,"column":42},"end":{"line":32,"column":7}},"line":28},"3":{"name":"(anonymous_3)","decl":{"start":{"line":36,"column":31},"end":{"line":36,"column":32}},"loc":{"start":{"line":36,"column":50},"end":{"line":51,"column":9}},"line":36},"4":{"name":"(anonymous_4)","decl":{"start":{"line":46,"column":37},"end":{"line":46,"column":38}},"loc":{"start":{"line":46,"column":46},"end":{"line":50,"column":11}},"line":46},"5":{"name":"(anonymous_5)","decl":{"start":{"line":55,"column":19},"end":{"line":55,"column":20}},"loc":{"start":{"line":55,"column":29},"end":{"line":55,"column":54}},"line":55},"6":{"name":"filterFavorites","decl":{"start":{"line":63,"column":22},"end":{"line":63,"column":37}},"loc":{"start":{"line":63,"column":93},"end":{"line":79,"column":1}},"line":63},"7":{"name":"(anonymous_7)","decl":{"start":{"line":66,"column":4},"end":{"line":66,"column":5}},"loc":{"start":{"line":67,"column":6},"end":{"line":75,"column":75}},"line":67},"8":{"name":"(anonymous_8)","decl":{"start":{"line":77,"column":25},"end":{"line":77,"column":26}},"loc":{"start":{"line":77,"column":35},"end":{"line":77,"column":60}},"line":77},"9":{"name":"QueryItemsLoader","decl":{"start":{"line":81,"column":22},"end":{"line":81,"column":38}},"loc":{"start":{"line":81,"column":97},"end":{"line":146,"column":1}},"line":81},"10":{"name":"(anonymous_10)","decl":{"start":{"line":90,"column":29},"end":{"line":90,"column":30}},"loc":{"start":{"line":90,"column":48},"end":{"line":137,"column":7}},"line":90},"11":{"name":"(anonymous_11)","decl":{"start":{"line":98,"column":35},"end":{"line":98,"column":36}},"loc":{"start":{"line":98,"column":44},"end":{"line":136,"column":9}},"line":98},"12":{"name":"(anonymous_12)","decl":{"start":{"line":139,"column":19},"end":{"line":139,"column":20}},"loc":{"start":{"line":139,"column":29},"end":{"line":139,"column":54}},"line":139},"13":{"name":"UserSellItemsLoader","decl":{"start":{"line":148,"column":22},"end":{"line":148,"column":41}},"loc":{"start":{"line":148,"column":50},"end":{"line":164,"column":1}},"line":148}},"branchMap":{"0":{"loc":{"start":{"line":10,"column":2},"end":{"line":15,"column":3}},"type":"if","locations":[{"start":{"line":10,"column":2},"end":{"line":15,"column":3}},{"start":{"line":13,"column":9},"end":{"line":15,"column":3}}],"line":10},"1":{"loc":{"start":{"line":23,"column":4},"end":{"line":53,"column":5}},"type":"if","locations":[{"start":{"line":23,"column":4},"end":{"line":53,"column":5}},{"start":{"line":33,"column":11},"end":{"line":53,"column":5}}],"line":23},"2":{"loc":{"start":{"line":67,"column":6},"end":{"line":75,"column":75}},"type":"binary-expr","locations":[{"start":{"line":67,"column":8},"end":{"line":67,"column":28}},{"start":{"line":68,"column":7},"end":{"line":68,"column":26}},{"start":{"line":68,"column":30},"end":{"line":68,"column":45}},{"start":{"line":68,"column":49},"end":{"line":68,"column":64}},{"start":{"line":69,"column":7},"end":{"line":69,"column":27}},{"start":{"line":69,"column":31},"end":{"line":69,"column":47}},{"start":{"line":69,"column":51},"end":{"line":69,"column":66}},{"start":{"line":70,"column":7},"end":{"line":70,"column":27}},{"start":{"line":70,"column":31},"end":{"line":70,"column":47}},{"start":{"line":70,"column":51},"end":{"line":70,"column":66}},{"start":{"line":71,"column":7},"end":{"line":71,"column":28}},{"start":{"line":71,"column":32},"end":{"line":71,"column":49}},{"start":{"line":72,"column":7},"end":{"line":72,"column":45}},{"start":{"line":73,"column":6},"end":{"line":73,"column":44}},{"start":{"line":74,"column":7},"end":{"line":74,"column":16}},{"start":{"line":74,"column":20},"end":{"line":74,"column":51}},{"start":{"line":75,"column":7},"end":{"line":75,"column":24}},{"start":{"line":75,"column":29},"end":{"line":75,"column":38}},{"start":{"line":75,"column":42},"end":{"line":75,"column":73}}],"line":67},"3":{"loc":{"start":{"line":81,"column":80},"end":{"line":81,"column":95}},"type":"default-arg","locations":[{"start":{"line":81,"column":90},"end":{"line":81,"column":95}}],"line":81},"4":{"loc":{"start":{"line":105,"column":10},"end":{"line":134,"column":11}},"type":"if","locations":[{"start":{"line":105,"column":10},"end":{"line":134,"column":11}},{"start":{},"end":{}}],"line":105},"5":{"loc":{"start":{"line":106,"column":12},"end":{"line":110,"column":55}},"type":"binary-expr","locations":[{"start":{"line":106,"column":13},"end":{"line":106,"column":33}},{"start":{"line":107,"column":13},"end":{"line":107,"column":32}},{"start":{"line":107,"column":36},"end":{"line":107,"column":50}},{"start":{"line":107,"column":54},"end":{"line":107,"column":68}},{"start":{"line":108,"column":13},"end":{"line":108,"column":33}},{"start":{"line":108,"column":37},"end":{"line":108,"column":52}},{"start":{"line":108,"column":56},"end":{"line":108,"column":70}},{"start":{"line":109,"column":13},"end":{"line":109,"column":33}},{"start":{"line":109,"column":37},"end":{"line":109,"column":52}},{"start":{"line":109,"column":56},"end":{"line":109,"column":70}},{"start":{"line":110,"column":13},"end":{"line":110,"column":34}},{"start":{"line":110,"column":38},"end":{"line":110,"column":54}}],"line":106},"6":{"loc":{"start":{"line":112,"column":14},"end":{"line":133,"column":15}},"type":"if","locations":[{"start":{"line":112,"column":14},"end":{"line":133,"column":15}},{"start":{"line":125,"column":21},"end":{"line":133,"column":15}}],"line":112},"7":{"loc":{"start":{"line":114,"column":16},"end":{"line":124,"column":17}},"type":"if","locations":[{"start":{"line":114,"column":16},"end":{"line":124,"column":17}},{"start":{},"end":{}}],"line":114},"8":{"loc":{"start":{"line":115,"column":18},"end":{"line":119,"column":97}},"type":"binary-expr","locations":[{"start":{"line":115,"column":18},"end":{"line":115,"column":59}},{"start":{"line":116,"column":19},"end":{"line":116,"column":61}},{"start":{"line":117,"column":20},"end":{"line":117,"column":62}},{"start":{"line":118,"column":21},"end":{"line":118,"column":34}},{"start":{"line":118,"column":38},"end":{"line":118,"column":73}},{"start":{"line":119,"column":21},"end":{"line":119,"column":38}},{"start":{"line":119,"column":43},"end":{"line":119,"column":56}},{"start":{"line":119,"column":60},"end":{"line":119,"column":95}}],"line":115},"9":{"loc":{"start":{"line":125,"column":21},"end":{"line":133,"column":15}},"type":"if","locations":[{"start":{"line":125,"column":21},"end":{"line":133,"column":15}},{"start":{},"end":{}}],"line":125},"10":{"loc":{"start":{"line":126,"column":16},"end":{"line":129,"column":71}},"type":"binary-expr","locations":[{"start":{"line":126,"column":17},"end":{"line":126,"column":35}},{"start":{"line":126,"column":40},"end":{"line":126,"column":53}},{"start":{"line":126,"column":57},"end":{"line":126,"column":92}},{"start":{"line":127,"column":17},"end":{"line":127,"column":59}},{"start":{"line":128,"column":16},"end":{"line":128,"column":58}},{"start":{"line":129,"column":17},"end":{"line":129,"column":30}},{"start":{"line":129,"column":34},"end":{"line":129,"column":69}}],"line":126},"11":{"loc":{"start":{"line":158,"column":2},"end":{"line":161,"column":3}},"type":"if","locations":[{"start":{"line":158,"column":2},"end":{"line":161,"column":3}},{"start":{},"end":{}}],"line":158}},"s":{"0":0,"1":0,"2":0,"3":0,"4":0,"5":0,"6":0,"7":0,"8":0,"9":0,"10":0,"11":0,"12":0,"13":0,"14":0,"15":0,"16":0,"17":0,"18":0,"19":0,"20":0,"21":0,"22":0,"23":0,"24":0,"25":0,"26":0,"27":0,"28":0,"29":0,"30":0,"31":0,"32":0,"33":0,"34":0,"35":0,"36":0,"37":0,"38":0,"39":0,"40":0,"41":0,"42":0,"43":0,"44":0,"45":0,"46":0,"47":0,"48":0,"49":0,"50":0,"51":0,"52":0,"53":0,"54":0,"55":0,"56":0,"57":0,"58":0,"59":0,"60":0,"61":0,"62":0,"63":0,"64":0,"65":0,"66":0,"67":0,"68":0,"69":0},"f":{"0":0,"1":0,"2":0,"3":0,"4":0,"5":0,"6":0,"7":0,"8":0,"9":0,"10":0,"11":0,"12":0,"13":0},"b":{"0":[0,0],"1":[0,0],"2":[0,0,0,0,0,0,0,0,0,0,0,0,0,0,0,0,0,0,0],"3":[0],"4":[0,0],"5":[0,0,0,0,0,0,0,0,0,0,0,0],"6":[0,0],"7":[0,0],"8":[0,0,0,0,0,0,0,0],"9":[0,0],"10":[0,0,0,0,0,0,0],"11":[0,0]}}
,"/Users/scottkang/Desktop/vandymarketplace/vandymarketplace/src/firebaseFunctions/firebaseWrite.js": {"path":"/Users/scottkang/Desktop/vandymarketplace/vandymarketplace/src/firebaseFunctions/firebaseWrite.js","statementMap":{"0":{"start":{"line":15,"column":17},"end":{"line":15,"column":41}},"1":{"start":{"line":17,"column":24},"end":{"line":17,"column":57}},"2":{"start":{"line":19,"column":20},"end":{"line":19,"column":22}},"3":{"start":{"line":21,"column":2},"end":{"line":28,"column":3}},"4":{"start":{"line":22,"column":23},"end":{"line":22,"column":62}},"5":{"start":{"line":23,"column":4},"end":{"line":23,"column":41}},"6":{"start":{"line":26,"column":24},"end":{"line":26,"column":56}},"7":{"start":{"line":27,"column":4},"end":{"line":27,"column":32}},"8":{"start":{"line":30,"column":2},"end":{"line":40,"column":5}},"9":{"start":{"line":44,"column":18},"end":{"line":44,"column":42}},"10":{"start":{"line":45,"column":20},"end":{"line":45,"column":46}},"11":{"start":{"line":46,"column":18},"end":{"line":46,"column":55}},"12":{"start":{"line":49,"column":2},"end":{"line":61,"column":5}},"13":{"start":{"line":50,"column":20},"end":{"line":50,"column":50}},"14":{"start":{"line":51,"column":4},"end":{"line":53,"column":5}},"15":{"start":{"line":52,"column":6},"end":{"line":52,"column":46}},"16":{"start":{"line":56,"column":4},"end":{"line":56,"column":62}},"17":{"start":{"line":58,"column":26},"end":{"line":58,"column":64}},"18":{"start":{"line":60,"column":4},"end":{"line":60,"column":75}},"19":{"start":{"line":66,"column":18},"end":{"line":66,"column":42}},"20":{"start":{"line":67,"column":20},"end":{"line":67,"column":46}},"21":{"start":{"line":68,"column":18},"end":{"line":68,"column":55}},"22":{"start":{"line":71,"column":2},"end":{"line":83,"column":5}},"23":{"start":{"line":72,"column":20},"end":{"line":72,"column":50}},"24":{"start":{"line":73,"column":4},"end":{"line":75,"column":5}},"25":{"start":{"line":74,"column":6},"end":{"line":74,"column":46}},"26":{"start":{"line":78,"column":4},"end":{"line":78,"column":63}},"27":{"start":{"line":81,"column":29},"end":{"line":81,"column":67}},"28":{"start":{"line":82,"column":4},"end":{"line":82,"column":79}}},"fnMap":{"0":{"name":"storeItemsSell","decl":{"start":{"line":14,"column":22},"end":{"line":14,"column":36}},"loc":{"start":{"line":14,"column":56},"end":{"line":41,"column":1}},"line":14},"1":{"name":"likeItem","decl":{"start":{"line":43,"column":22},"end":{"line":43,"column":30}},"loc":{"start":{"line":43,"column":57},"end":{"line":62,"column":1}},"line":43},"2":{"name":"(anonymous_2)","decl":{"start":{"line":49,"column":28},"end":{"line":49,"column":29}},"loc":{"start":{"line":49,"column":51},"end":{"line":61,"column":3}},"line":49},"3":{"name":"unlikeItem","decl":{"start":{"line":64,"column":22},"end":{"line":64,"column":32}},"loc":{"start":{"line":64,"column":59},"end":{"line":84,"column":1}},"line":64},"4":{"name":"(anonymous_4)","decl":{"start":{"line":71,"column":28},"end":{"line":71,"column":29}},"loc":{"start":{"line":71,"column":51},"end":{"line":83,"column":3}},"line":71}},"branchMap":{"0":{"loc":{"start":{"line":51,"column":4},"end":{"line":53,"column":5}},"type":"if","locations":[{"start":{"line":51,"column":4},"end":{"line":53,"column":5}},{"start":{},"end":{}}],"line":51},"1":{"loc":{"start":{"line":73,"column":4},"end":{"line":75,"column":5}},"type":"if","locations":[{"start":{"line":73,"column":4},"end":{"line":75,"column":5}},{"start":{},"end":{}}],"line":73}},"s":{"0":0,"1":0,"2":0,"3":0,"4":0,"5":0,"6":0,"7":0,"8":0,"9":0,"10":0,"11":0,"12":0,"13":0,"14":0,"15":0,"16":0,"17":0,"18":0,"19":0,"20":0,"21":0,"22":0,"23":0,"24":0,"25":0,"26":0,"27":0,"28":0},"f":{"0":0,"1":0,"2":0,"3":0,"4":0},"b":{"0":[0,0],"1":[0,0]}}
}
