TN:
SF:babel.config.js
FNF:0
FNH:0
DA:1,0
LF:1
LH:0
BRF:0
BRH:0
end_of_record
TN:
SF:src/App.js
FN:22,App
FNF:1
FNH:0
FNDA:0,App
DA:8,0
DA:18,0
DA:23,0
LF:3
LH:0
BRF:0
BRH:0
end_of_record
TN:
SF:src/firebaseConfig.js
FNF:0
FNH:0
DA:11,1
DA:22,1
DA:23,1
DA:24,1
DA:25,1
LF:5
LH:5
BRF:0
BRH:0
end_of_record
TN:
SF:src/index.js
FNF:0
FNH:0
DA:7,0
DA:8,0
DA:17,0
LF:3
LH:0
BRF:0
BRH:0
end_of_record
TN:
SF:src/reportWebVitals.js
FN:1,(anonymous_0)
FN:3,(anonymous_1)
FNF:2
FNH:0
FNDA:0,(anonymous_0)
FNDA:0,(anonymous_1)
DA:1,0
DA:2,0
DA:3,0
DA:4,0
DA:5,0
DA:6,0
DA:7,0
DA:8,0
LF:8
LH:0
BRDA:2,0,0,0
BRDA:2,0,1,0
BRDA:2,1,0,0
BRDA:2,1,1,0
BRF:4
BRH:0
end_of_record
TN:
SF:src/setupTests.js
FNF:0
FNH:0
LF:0
LH:0
BRF:0
BRH:0
end_of_record
TN:
SF:src/authentication/logout.js
FN:5,(anonymous_0)
FN:7,(anonymous_1)
FN:10,(anonymous_2)
FNF:3
FNH:0
FNDA:0,(anonymous_0)
FNDA:0,(anonymous_1)
FNDA:0,(anonymous_2)
DA:5,1
DA:6,0
DA:8,0
DA:11,0
LF:4
LH:1
BRF:0
BRH:0
end_of_record
TN:
SF:src/backend/server.js
FN:27,(anonymous_0)
FN:67,(anonymous_1)
FN:72,sendEmail
FNF:3
FNH:0
FNDA:0,(anonymous_0)
FNDA:0,(anonymous_1)
FNDA:0,sendEmail
DA:1,0
DA:2,0
DA:3,0
DA:4,0
DA:5,0
DA:7,0
DA:8,0
DA:11,0
DA:13,0
DA:16,0
DA:24,0
DA:27,0
DA:28,0
DA:36,0
DA:39,0
DA:57,0
DA:58,0
DA:60,0
DA:62,0
DA:63,0
DA:67,0
DA:68,0
DA:73,0
DA:74,0
DA:76,0
DA:77,0
DA:81,0
LF:27
LH:0
BRF:0
BRH:0
end_of_record
TN:
SF:src/components/ContactForm.js
FN:17,(anonymous_0)
FN:28,(anonymous_1)
FN:32,(anonymous_2)
FN:35,(anonymous_3)
FNF:4
FNH:0
FNDA:0,(anonymous_0)
FNDA:0,(anonymous_1)
FNDA:0,(anonymous_2)
FNDA:0,(anonymous_3)
DA:17,1
DA:25,0
DA:26,0
DA:28,0
DA:29,0
DA:32,0
DA:33,0
DA:35,0
DA:36,0
DA:37,0
DA:52,0
DA:53,0
DA:54,0
DA:55,0
DA:57,0
DA:60,0
DA:64,0
LF:17
LH:1
BRDA:52,0,0,0
BRDA:52,0,1,0
BRF:2
BRH:0
end_of_record
TN:
SF:src/components/Favorites.js
FN:11,(anonymous_0)
FN:17,(anonymous_1)
FN:19,(anonymous_2)
FN:45,(anonymous_3)
FN:56,(anonymous_4)
FN:59,(anonymous_5)
FN:63,(anonymous_6)
FN:67,(anonymous_7)
FNF:8
FNH:0
FNDA:0,(anonymous_0)
FNDA:0,(anonymous_1)
FNDA:0,(anonymous_2)
FNDA:0,(anonymous_3)
FNDA:0,(anonymous_4)
FNDA:0,(anonymous_5)
FNDA:0,(anonymous_6)
FNDA:0,(anonymous_7)
DA:11,0
DA:12,0
DA:13,0
DA:14,0
DA:15,0
DA:17,0
DA:19,0
DA:20,0
DA:21,0
DA:22,0
DA:23,0
DA:24,0
DA:25,0
DA:26,0
DA:27,0
DA:28,0
DA:29,0
DA:30,0
DA:31,0
DA:32,0
DA:33,0
DA:34,0
DA:37,0
DA:40,0
DA:45,0
DA:46,0
DA:47,0
DA:48,0
DA:51,0
DA:56,0
DA:59,0
DA:60,0
DA:63,0
DA:64,0
DA:67,0
DA:68,0
DA:71,0
LF:37
LH:0
BRDA:23,0,0,0
BRDA:23,0,1,0
BRDA:24,1,0,0
BRDA:24,1,1,0
BRDA:31,2,0,0
BRDA:31,2,1,0
BRDA:46,3,0,0
BRDA:46,3,1,0
BRF:8
BRH:0
end_of_record
TN:
SF:src/components/Header.js
FN:20,(anonymous_0)
FN:26,(anonymous_1)
FN:29,load
FN:31,(anonymous_3)
FN:31,(anonymous_4)
FN:41,(anonymous_5)
FN:93,(anonymous_6)
FN:94,(anonymous_7)
FN:97,(anonymous_8)
FNF:9
FNH:5
FNDA:8,(anonymous_0)
FNDA:8,(anonymous_1)
FNDA:8,load
FNDA:8,(anonymous_3)
FNDA:8,(anonymous_4)
FNDA:0,(anonymous_5)
FNDA:0,(anonymous_6)
FNDA:0,(anonymous_7)
FNDA:0,(anonymous_8)
DA:20,1
DA:21,8
DA:22,8
DA:26,8
DA:30,8
DA:31,8
DA:32,8
DA:33,4
DA:35,0
DA:38,8
DA:41,8
DA:42,0
DA:43,0
DA:45,0
DA:49,8
DA:93,0
DA:94,0
DA:97,0
LF:18
LH:11
BRDA:23,0,0,8
BRDA:23,0,1,0
BRF:2
BRH:1
end_of_record
TN:
SF:src/components/HomePage.js
FN:11,HomePage
FN:20,(anonymous_1)
FN:24,(anonymous_2)
FN:28,(anonymous_3)
FN:33,(anonymous_4)
FN:35,(anonymous_5)
FNF:6
FNH:5
FNDA:9,HomePage
FNDA:1,(anonymous_1)
FNDA:1,(anonymous_2)
FNDA:0,(anonymous_3)
FNDA:8,(anonymous_4)
FNDA:3,(anonymous_5)
DA:12,9
DA:15,9
DA:16,8
DA:17,8
DA:20,8
DA:21,1
DA:24,8
DA:25,1
DA:28,8
DA:29,0
DA:33,8
DA:35,8
DA:36,3
DA:37,3
DA:38,2
DA:39,2
DA:40,2
DA:42,2
DA:43,1
DA:47,1
DA:48,1
DA:51,0
DA:58,8
LF:23
LH:21
BRDA:37,0,0,2
BRDA:37,0,1,1
BRDA:42,1,0,1
BRDA:42,1,1,1
BRF:4
BRH:4
end_of_record
TN:
SF:src/components/ImageGallery.js
FN:21,(anonymous_0)
FN:39,(anonymous_1)
FN:41,load
FN:50,(anonymous_3)
FN:50,(anonymous_4)
FN:72,(anonymous_5)
FN:72,(anonymous_6)
FN:80,(anonymous_7)
FN:86,(anonymous_8)
FN:92,(anonymous_9)
FN:98,(anonymous_10)
FN:123,(anonymous_11)
FNF:12
FNH:5
FNDA:25,(anonymous_0)
FNDA:8,(anonymous_1)
FNDA:8,load
FNDA:0,(anonymous_3)
FNDA:0,(anonymous_4)
FNDA:8,(anonymous_5)
FNDA:8,(anonymous_6)
FNDA:0,(anonymous_7)
FNDA:0,(anonymous_8)
FNDA:0,(anonymous_9)
FNDA:0,(anonymous_10)
FNDA:0,(anonymous_11)
DA:21,1
DA:23,25
DA:24,25
DA:25,25
DA:26,25
DA:27,25
DA:28,25
DA:29,25
DA:31,25
DA:39,25
DA:42,8
DA:43,8
DA:44,8
DA:45,1
DA:47,8
DA:48,0
DA:49,0
DA:50,0
DA:51,0
DA:53,8
DA:56,8
DA:63,8
DA:64,8
DA:65,8
DA:66,8
DA:69,0
DA:72,8
DA:73,8
DA:74,8
DA:76,8
DA:80,25
DA:81,0
DA:82,0
DA:86,25
DA:87,0
DA:88,0
DA:92,25
DA:93,0
DA:94,0
DA:98,25
DA:99,0
DA:100,0
DA:103,25
DA:124,0
LF:44
LH:30
BRDA:44,0,0,1
BRDA:44,0,1,7
BRDA:47,1,0,0
BRDA:47,1,1,8
BRDA:65,2,0,8
BRDA:65,2,1,0
BRDA:65,3,0,8
BRDA:65,3,1,8
BRDA:105,4,0,0
BRDA:105,4,1,25
BRDA:108,5,0,0
BRDA:108,5,1,0
BRDA:110,6,0,0
BRDA:110,6,1,0
BRDA:134,7,0,13
BRDA:134,7,1,12
BRDA:139,8,0,25
BRDA:139,8,1,0
BRDA:150,9,0,25
BRDA:150,9,1,0
BRF:20
BRH:11
end_of_record
TN:
SF:src/components/ItemCard.js
FN:19,(anonymous_0)
FN:23,(anonymous_1)
FN:24,(anonymous_2)
FN:32,(anonymous_3)
FN:43,(anonymous_4)
FN:49,(anonymous_5)
FN:53,(anonymous_6)
FN:67,(anonymous_7)
FN:133,(anonymous_8)
FNF:9
FNH:0
FNDA:0,(anonymous_0)
FNDA:0,(anonymous_1)
FNDA:0,(anonymous_2)
FNDA:0,(anonymous_3)
FNDA:0,(anonymous_4)
FNDA:0,(anonymous_5)
FNDA:0,(anonymous_6)
FNDA:0,(anonymous_7)
FNDA:0,(anonymous_8)
DA:19,1
DA:20,0
DA:21,0
DA:23,0
DA:24,0
DA:25,0
DA:26,0
DA:27,0
DA:28,0
DA:29,0
DA:30,0
DA:31,0
DA:32,0
DA:36,0
DA:40,0
DA:43,0
DA:44,0
DA:46,0
DA:47,0
DA:48,0
DA:49,0
DA:51,0
DA:52,0
DA:53,0
DA:57,0
DA:67,0
DA:133,0
LF:27
LH:1
BRDA:21,0,0,0
BRDA:21,0,1,0
BRDA:29,1,0,0
BRDA:29,1,1,0
BRDA:30,2,0,0
BRDA:30,2,1,0
BRDA:46,3,0,0
BRDA:46,3,1,0
BRDA:84,4,0,0
BRDA:84,4,1,0
BRDA:86,5,0,0
BRDA:86,5,1,0
BRDA:100,6,0,0
BRDA:100,6,1,0
BRDA:104,7,0,0
BRDA:104,7,1,0
BRDA:120,8,0,0
BRDA:120,8,1,0
BRF:18
BRH:0
end_of_record
TN:
SF:src/components/LogInPage.js
FN:14,LogInPage
FN:17,(anonymous_1)
FN:19,(anonymous_2)
FN:22,(anonymous_3)
FN:27,(anonymous_4)
FN:31,(anonymous_5)
FN:43,(anonymous_6)
FN:47,(anonymous_7)
FNF:8
FNH:0
FNDA:0,LogInPage
FNDA:0,(anonymous_1)
FNDA:0,(anonymous_2)
FNDA:0,(anonymous_3)
FNDA:0,(anonymous_4)
FNDA:0,(anonymous_5)
FNDA:0,(anonymous_6)
FNDA:0,(anonymous_7)
DA:15,0
DA:17,0
DA:18,0
DA:20,0
DA:23,0
DA:27,0
DA:28,0
DA:30,0
DA:36,0
DA:39,0
DA:40,0
DA:47,0
DA:48,0
DA:49,0
DA:50,0
DA:51,0
DA:52,0
DA:54,0
DA:55,0
DA:56,0
DA:57,0
DA:61,0
DA:63,0
DA:64,0
DA:65,0
DA:67,0
DA:68,0
DA:73,0
DA:77,0
LF:29
LH:0
BRDA:39,0,0,0
BRDA:39,0,1,0
BRDA:48,1,0,0
BRDA:48,1,1,0
BRDA:48,2,0,0
BRDA:48,2,1,0
BRDA:54,3,0,0
BRDA:54,3,1,0
BRDA:67,4,0,0
BRDA:67,4,1,0
BRF:10
BRH:0
end_of_record
TN:
SF:src/components/MyItems.js
FN:6,MyItems
FN:13,(anonymous_1)
FN:17,(anonymous_2)
FN:21,(anonymous_3)
FNF:4
FNH:0
FNDA:0,MyItems
FNDA:0,(anonymous_1)
FNDA:0,(anonymous_2)
FNDA:0,(anonymous_3)
DA:8,0
DA:9,0
DA:10,0
DA:13,0
DA:14,0
DA:17,0
DA:18,0
DA:21,0
DA:22,0
DA:25,0
LF:10
LH:0
BRF:0
BRH:0
end_of_record
TN:
SF:src/components/SellItemForm.js
FN:46,rateLimitFormSubmissions
FN:66,SellItemForm
FN:83,(anonymous_2)
FN:86,(anonymous_3)
FN:93,(anonymous_4)
FN:101,(anonymous_5)
FN:111,(anonymous_6)
FN:123,(anonymous_7)
FN:124,(anonymous_8)
FN:131,(anonymous_9)
FN:161,(anonymous_10)
FN:242,(anonymous_11)
FN:269,(anonymous_12)
FN:296,(anonymous_13)
FN:300,(anonymous_14)
FN:327,(anonymous_15)
FNF:16
FNH:0
FNDA:0,rateLimitFormSubmissions
FNDA:0,SellItemForm
FNDA:0,(anonymous_2)
FNDA:0,(anonymous_3)
FNDA:0,(anonymous_4)
FNDA:0,(anonymous_5)
FNDA:0,(anonymous_6)
FNDA:0,(anonymous_7)
FNDA:0,(anonymous_8)
FNDA:0,(anonymous_9)
FNDA:0,(anonymous_10)
FNDA:0,(anonymous_11)
FNDA:0,(anonymous_12)
FNDA:0,(anonymous_13)
FNDA:0,(anonymous_14)
FNDA:0,(anonymous_15)
DA:47,0
DA:48,0
DA:49,0
DA:50,0
DA:51,0
DA:56,0
DA:57,0
DA:58,0
DA:59,0
DA:61,0
DA:62,0
DA:67,0
DA:69,0
DA:70,0
DA:71,0
DA:73,0
DA:83,0
DA:84,0
DA:85,0
DA:86,0
DA:93,0
DA:94,0
DA:95,0
DA:101,0
DA:102,0
DA:103,0
DA:104,0
DA:111,0
DA:112,0
DA:113,0
DA:114,0
DA:118,0
DA:120,0
DA:123,0
DA:124,0
DA:125,0
DA:131,0
DA:132,0
DA:133,0
DA:135,0
DA:136,0
DA:137,0
DA:138,0
DA:139,0
DA:141,0
DA:142,0
DA:145,0
DA:146,0
DA:148,0
DA:149,0
DA:151,0
DA:153,0
DA:155,0
DA:158,0
DA:161,0
DA:243,0
DA:269,0
DA:297,0
DA:300,0
DA:327,0
LF:60
LH:0
BRDA:85,0,0,0
BRDA:85,0,1,0
BRDA:85,1,0,0
BRDA:85,1,1,0
BRDA:103,2,0,0
BRDA:103,2,1,0
BRDA:112,3,0,0
BRDA:112,3,1,0
BRDA:112,4,0,0
BRDA:112,4,1,0
BRDA:141,5,0,0
BRDA:141,5,1,0
BRDA:253,6,0,0
BRDA:253,6,1,0
BRDA:294,7,0,0
BRDA:294,7,1,0
BRF:16
BRH:0
end_of_record
TN:
SF:src/components/searchbar.js
FN:27,SearchBar
FN:37,(anonymous_1)
FN:44,(anonymous_2)
FN:52,(anonymous_3)
FNF:4
FNH:3
FNDA:8,SearchBar
FNDA:1,(anonymous_1)
FNDA:1,(anonymous_2)
FNDA:0,(anonymous_3)
DA:28,8
DA:37,1
DA:44,1
DA:52,0
LF:4
LH:3
BRF:0
BRH:0
end_of_record
TN:
SF:src/firebaseFunctions/dataload.js
FN:5,getUserID
FN:19,AllSellItemsLoader
FN:28,(anonymous_2)
FN:36,(anonymous_3)
FN:46,(anonymous_4)
FN:55,(anonymous_5)
FN:63,filterFavorites
FN:66,(anonymous_7)
FN:77,(anonymous_8)
FN:81,QueryItemsLoader
FN:90,(anonymous_10)
FN:98,(anonymous_11)
FN:139,(anonymous_12)
FN:148,UserSellItemsLoader
FNF:14
FNH:2
FNDA:0,getUserID
FNDA:0,AllSellItemsLoader
FNDA:0,(anonymous_2)
FNDA:0,(anonymous_3)
FNDA:0,(anonymous_4)
FNDA:0,(anonymous_5)
FNDA:0,filterFavorites
FNDA:0,(anonymous_7)
FNDA:0,(anonymous_8)
FNDA:8,QueryItemsLoader
FNDA:8,(anonymous_10)
FNDA:0,(anonymous_11)
FNDA:0,(anonymous_12)
FNDA:0,UserSellItemsLoader
DA:6,0
DA:7,0
DA:8,0
DA:9,0
DA:10,0
DA:11,0
DA:12,0
DA:14,0
DA:16,0
DA:20,0
DA:21,0
DA:22,0
DA:23,0
DA:24,0
DA:25,0
DA:26,0
DA:28,0
DA:29,0
DA:30,0
DA:31,0
DA:34,0
DA:35,0
DA:37,0
DA:43,0
DA:46,0
DA:47,0
DA:48,0
DA:49,0
DA:55,0
DA:56,0
DA:58,0
DA:59,0
DA:65,0
DA:67,0
DA:77,0
DA:78,0
DA:83,8
DA:84,8
DA:86,8
DA:87,8
DA:89,8
DA:91,8
DA:94,8
DA:98,8
DA:101,0
DA:102,0
DA:103,0
DA:105,0
DA:112,0
DA:114,0
DA:121,0
DA:122,0
DA:123,0
DA:125,0
DA:131,0
DA:132,0
DA:139,0
DA:141,0
DA:143,8
DA:144,8
DA:149,0
DA:151,0
DA:156,0
DA:158,0
DA:159,0
DA:160,0
DA:163,0
LF:67
LH:10
BRDA:10,0,0,0
BRDA:10,0,1,0
BRDA:23,1,0,0
BRDA:23,1,1,0
BRDA:67,2,0,0
BRDA:67,2,1,0
BRDA:67,2,2,0
BRDA:67,2,3,0
BRDA:67,2,4,0
BRDA:67,2,5,0
BRDA:67,2,6,0
BRDA:67,2,7,0
BRDA:67,2,8,0
BRDA:67,2,9,0
BRDA:67,2,10,0
BRDA:67,2,11,0
BRDA:67,2,12,0
BRDA:67,2,13,0
BRDA:67,2,14,0
BRDA:67,2,15,0
BRDA:67,2,16,0
BRDA:67,2,17,0
BRDA:67,2,18,0
BRDA:81,3,0,8
BRDA:105,4,0,0
BRDA:105,4,1,0
BRDA:106,5,0,0
BRDA:106,5,1,0
BRDA:106,5,2,0
BRDA:106,5,3,0
BRDA:106,5,4,0
BRDA:106,5,5,0
BRDA:106,5,6,0
BRDA:106,5,7,0
BRDA:106,5,8,0
BRDA:106,5,9,0
BRDA:106,5,10,0
BRDA:106,5,11,0
BRDA:112,6,0,0
BRDA:112,6,1,0
BRDA:114,7,0,0
BRDA:114,7,1,0
BRDA:115,8,0,0
BRDA:115,8,1,0
BRDA:115,8,2,0
BRDA:115,8,3,0
BRDA:115,8,4,0
BRDA:115,8,5,0
BRDA:115,8,6,0
BRDA:115,8,7,0
BRDA:125,9,0,0
BRDA:125,9,1,0
BRDA:126,10,0,0
BRDA:126,10,1,0
BRDA:126,10,2,0
BRDA:126,10,3,0
BRDA:126,10,4,0
BRDA:126,10,5,0
BRDA:126,10,6,0
BRDA:158,11,0,0
BRDA:158,11,1,0
BRF:61
BRH:1
end_of_record
TN:
SF:src/firebaseFunctions/firebaseWrite.js
FN:14,storeItemsSell
FN:43,likeItem
FN:49,(anonymous_2)
FN:64,unlikeItem
FN:71,(anonymous_4)
FNF:5
FNH:0
FNDA:0,storeItemsSell
FNDA:0,likeItem
FNDA:0,(anonymous_2)
FNDA:0,unlikeItem
FNDA:0,(anonymous_4)
DA:15,0
DA:17,0
DA:19,0
DA:21,0
DA:22,0
DA:23,0
DA:26,0
DA:27,0
DA:30,0
DA:44,0
DA:45,0
DA:46,0
DA:49,0
DA:50,0
DA:51,0
DA:52,0
DA:56,0
DA:58,0
DA:60,0
DA:66,0
DA:67,0
DA:68,0
DA:71,0
DA:72,0
DA:73,0
DA:74,0
DA:78,0
DA:81,0
DA:82,0
LF:29
LH:0
BRDA:51,0,0,0
BRDA:51,0,1,0
BRDA:73,1,0,0
BRDA:73,1,1,0
BRF:4
BRH:0
end_of_record
