TN:
SF:src/firebaseConfig.js
FNF:0
FNH:0
DA:11,1
DA:22,1
DA:23,1
DA:24,1
DA:25,1
LF:5
LH:5
BRF:0
BRH:0
end_of_record
TN:
SF:src/components/ContactForm.js
FN:5,(anonymous_0)
FN:9,(anonymous_1)
FN:13,(anonymous_2)
FN:16,(anonymous_3)
FNF:4
FNH:3
FNDA:3,(anonymous_0)
FNDA:1,(anonymous_1)
FNDA:1,(anonymous_2)
FNDA:0,(anonymous_3)
DA:5,1
DA:6,3
DA:7,3
DA:9,3
DA:10,1
DA:13,3
DA:14,1
DA:16,3
DA:17,0
DA:18,0
DA:33,0
DA:34,0
DA:35,0
DA:36,0
DA:38,0
DA:41,0
DA:45,3
LF:17
LH:9
BRDA:33,0,0,0
BRDA:33,0,1,0
BRF:2
BRH:0
end_of_record
TN:
SF:src/components/SellItemForm.js
FN:37,rateLimitFormSubmissions
FN:57,SellItemForm
FN:72,(anonymous_2)
FN:80,(anonymous_3)
FN:99,(anonymous_4)
FN:190,(anonymous_5)
FN:228,(anonymous_6)
FNF:7
FNH:2
FNDA:0,rateLimitFormSubmissions
FNDA:5,SellItemForm
FNDA:4,(anonymous_2)
FNDA:0,(anonymous_3)
FNDA:0,(anonymous_4)
FNDA:0,(anonymous_5)
FNDA:0,(anonymous_6)
DA:38,0
DA:39,0
DA:40,0
DA:41,0
DA:42,0
DA:47,0
DA:48,0
DA:49,0
DA:50,0
DA:52,0
DA:53,0
DA:58,5
DA:60,5
DA:61,5
DA:63,5
DA:72,5
DA:73,4
DA:74,4
DA:80,5
DA:81,0
DA:82,0
DA:83,0
DA:99,5
DA:100,0
DA:101,0
DA:102,0
DA:103,0
DA:105,0
DA:106,0
DA:107,0
DA:109,0
DA:110,0
DA:113,0
DA:114,0
DA:116,0
DA:117,0
DA:118,0
DA:120,0
DA:124,5
DA:191,0
DA:228,0
LF:41
LH:10
BRDA:82,0,0,0
BRDA:82,0,1,0
BRDA:101,1,0,0
BRDA:101,1,1,0
BRDA:109,2,0,0
BRDA:109,2,1,0
BRDA:201,3,0,5
BRDA:201,3,1,0
BRF:8
BRH:1
end_of_record
TN:
SF:src/firebaseFunctions/dataload.js
FN:5,getUserID
FN:20,AllSellItemsLoader
FN:29,(anonymous_2)
FN:37,(anonymous_3)
FN:47,(anonymous_4)
FN:56,(anonymous_5)
FN:65,QueryItemsLoader
FN:73,(anonymous_7)
FN:81,(anonymous_8)
FN:103,(anonymous_9)
FN:112,UserSellItemsLoader
FNF:11
FNH:0
FNDA:0,getUserID
FNDA:0,AllSellItemsLoader
FNDA:0,(anonymous_2)
FNDA:0,(anonymous_3)
FNDA:0,(anonymous_4)
FNDA:0,(anonymous_5)
FNDA:0,QueryItemsLoader
FNDA:0,(anonymous_7)
FNDA:0,(anonymous_8)
FNDA:0,(anonymous_9)
FNDA:0,UserSellItemsLoader
DA:6,0
DA:7,0
DA:8,0
DA:9,0
DA:10,0
DA:11,0
DA:12,0
DA:14,0
DA:15,0
DA:17,0
DA:21,0
DA:22,0
DA:24,0
DA:25,0
DA:26,0
DA:27,0
DA:28,0
DA:29,0
DA:30,0
DA:31,0
DA:32,0
DA:35,0
DA:36,0
DA:38,0
DA:44,0
DA:47,0
DA:48,0
DA:49,0
DA:50,0
DA:56,0
DA:58,0
DA:60,0
DA:61,0
DA:66,0
DA:67,0
DA:69,0
DA:70,0
DA:72,0
DA:74,0
DA:77,0
DA:81,0
DA:82,0
DA:83,0
DA:85,0
DA:90,0
DA:91,0
DA:93,0
DA:97,0
DA:98,0
DA:103,0
DA:105,0
DA:107,0
DA:108,0
DA:113,0
DA:115,0
DA:120,0
DA:122,0
DA:123,0
DA:124,0
DA:127,0
LF:60
LH:0
BRDA:10,0,0,0
BRDA:10,0,1,0
BRDA:25,1,0,0
BRDA:25,1,1,0
BRDA:65,2,0,0
BRDA:83,3,0,0
BRDA:83,3,1,0
BRDA:85,4,0,0
BRDA:85,4,1,0
BRDA:86,5,0,0
BRDA:86,5,1,0
BRDA:86,5,2,0
BRDA:93,6,0,0
BRDA:93,6,1,0
BRDA:94,7,0,0
BRDA:94,7,1,0
BRDA:122,8,0,0
BRDA:122,8,1,0
BRF:18
BRH:0
end_of_record
